[00:12:39] [ServerMain/WARN]: You specified a resource pack without providing a sha1 hash. Pack will be updated on the client only if you change the name of the pack.
[00:12:39] [ServerMain/WARN]: resource-pack-id missing, using default of dfeba965-459b-3a5b-b95b-55720083b2d4
[00:12:39] [ServerMain/INFO]: Environment: Environment[sessionHost=https://sessionserver.mojang.com, servicesHost=https://api.minecraftservices.com, name=PROD]
[00:12:40] [ServerMain/INFO]: Loaded 7 recipes
[00:12:40] [Server thread/INFO]: Starting minecraft server version 1.20.4
[00:12:40] [Server thread/INFO]: Loading properties
[00:12:41] [Server thread/INFO]: This server is running CraftBukkit version 4061-Spigot-e9ec548-366c3ca (MC: 1.20.4) (Implementing API version 1.20.4-R0.1-SNAPSHOT)
[00:12:41] [Server thread/INFO]: Debug logging is disabled
[00:12:41] [Server thread/INFO]: Server Ping Player Sample Count: 12
[00:12:41] [Server thread/INFO]: Using 4 threads for Netty based IO
[00:12:41] [Server thread/INFO]: Default game type: SURVIVAL
[00:12:41] [Server thread/INFO]: Generating keypair
[00:12:41] [Server thread/INFO]: Starting Minecraft server on *:25565
[00:12:41] [Server thread/INFO]: Using default channel type
[00:12:41] [Server thread/INFO]: [ClearLag] Loading ClearLag v3.2.2
[00:12:41] [Server thread/INFO]: [OnePlayerSleep] Loading OnePlayerSleep v1.2
[00:12:41] [Server thread/INFO]: [mcMMO] Loading mcMMO v2.1.231
[00:12:41] [Server thread/INFO]: [KeepDeathDrop] Loading KeepDeathDrop v1.0.7
[00:12:41] [Server thread/INFO]: Preparing level "world"
[00:12:41] [Server thread/INFO]: -------- World Settings For [world] --------
[00:12:41] [Server thread/INFO]: Item Despawn Rate: 6000
[00:12:41] [Server thread/INFO]: Item Merge Radius: 2.5
[00:12:41] [Server thread/INFO]: Allow Zombie Pigmen to spawn from portal blocks: true
[00:12:41] [Server thread/INFO]: View Distance: 10
[00:12:41] [Server thread/INFO]: Simulation Distance: 10
[00:12:41] [Server thread/INFO]: Zombie Aggressive Towards Villager: true
[00:12:41] [Server thread/INFO]: Arrow Despawn Rate: 1200 Trident Respawn Rate:1200
[00:12:41] [Server thread/INFO]: Nerfing mobs spawned from spawners: false
[00:12:41] [Server thread/INFO]: Mob Spawn Range: 6
[00:12:41] [Server thread/INFO]: Cactus Growth Modifier: 100%
[00:12:41] [Server thread/INFO]: Cane Growth Modifier: 100%
[00:12:41] [Server thread/INFO]: Melon Growth Modifier: 100%
[00:12:41] [Server thread/INFO]: Mushroom Growth Modifier: 100%
[00:12:41] [Server thread/INFO]: Pumpkin Growth Modifier: 100%
[00:12:41] [Server thread/INFO]: Sapling Growth Modifier: 100%
[00:12:41] [Server thread/INFO]: Beetroot Growth Modifier: 100%
[00:12:41] [Server thread/INFO]: Carrot Growth Modifier: 100%
[00:12:41] [Server thread/INFO]: Potato Growth Modifier: 100%
[00:12:41] [Server thread/INFO]: Wheat Growth Modifier: 100%
[00:12:41] [Server thread/INFO]: NetherWart Growth Modifier: 100%
[00:12:41] [Server thread/INFO]: Vine Growth Modifier: 100%
[00:12:41] [Server thread/INFO]: Cocoa Growth Modifier: 100%
[00:12:41] [Server thread/INFO]: Bamboo Growth Modifier: 100%
[00:12:41] [Server thread/INFO]: SweetBerry Growth Modifier: 100%
[00:12:41] [Server thread/INFO]: Kelp Growth Modifier: 100%
[00:12:41] [Server thread/INFO]: TwistingVines Growth Modifier: 100%
[00:12:41] [Server thread/INFO]: WeepingVines Growth Modifier: 100%
[00:12:41] [Server thread/INFO]: CaveVines Growth Modifier: 100%
[00:12:41] [Server thread/INFO]: Experience Merge Radius: 3.0
[00:12:41] [Server thread/INFO]: Entity Activation Range: An 32 / Mo 32 / Ra 48 / Mi 16 / Tiv true / Isa false
[00:12:41] [Server thread/INFO]: Hopper Transfer: 8 Hopper Check: 1 Hopper Amount: 1 Hopper Can Load Chunks: false
[00:12:41] [Server thread/INFO]: Custom Map Seeds:  Village: 10387312 Desert: 14357617 Igloo: 14357618 Jungle: 14357619 Swamp: 14357620 Monument: 10387313 Ocean: 14357621 Shipwreck: 165745295 End City: 10387313 Slime: 987234911 Nether: 30084232 Mansion: 10387319 Fossil: 14357921 Portal: 34222645
[00:12:41] [Server thread/INFO]: Entity Tracking Range: Pl 48 / An 48 / Mo 48 / Mi 32 / Di 128 / Other 64
[00:12:41] [Server thread/INFO]: Max TNT Explosions: 100
[00:12:41] [Server thread/INFO]: Tile Max Tick Time: 50ms Entity max Tick Time: 50ms
[00:12:41] [Server thread/INFO]: -------- World Settings For [world_nether] --------
[00:12:41] [Server thread/INFO]: Item Despawn Rate: 6000
[00:12:41] [Server thread/INFO]: Item Merge Radius: 2.5
[00:12:41] [Server thread/INFO]: Allow Zombie Pigmen to spawn from portal blocks: true
[00:12:41] [Server thread/INFO]: View Distance: 10
[00:12:41] [Server thread/INFO]: Simulation Distance: 10
[00:12:41] [Server thread/INFO]: Zombie Aggressive Towards Villager: true
[00:12:41] [Server thread/INFO]: Arrow Despawn Rate: 1200 Trident Respawn Rate:1200
[00:12:41] [Server thread/INFO]: Nerfing mobs spawned from spawners: false
[00:12:41] [Server thread/INFO]: Mob Spawn Range: 6
[00:12:41] [Server thread/INFO]: Cactus Growth Modifier: 100%
[00:12:41] [Server thread/INFO]: Cane Growth Modifier: 100%
[00:12:41] [Server thread/INFO]: Melon Growth Modifier: 100%
[00:12:41] [Server thread/INFO]: Mushroom Growth Modifier: 100%
[00:12:41] [Server thread/INFO]: Pumpkin Growth Modifier: 100%
[00:12:41] [Server thread/INFO]: Sapling Growth Modifier: 100%
[00:12:41] [Server thread/INFO]: Beetroot Growth Modifier: 100%
[00:12:41] [Server thread/INFO]: Carrot Growth Modifier: 100%
[00:12:41] [Server thread/INFO]: Potato Growth Modifier: 100%
[00:12:41] [Server thread/INFO]: Wheat Growth Modifier: 100%
[00:12:41] [Server thread/INFO]: NetherWart Growth Modifier: 100%
[00:12:41] [Server thread/INFO]: Vine Growth Modifier: 100%
[00:12:41] [Server thread/INFO]: Cocoa Growth Modifier: 100%
[00:12:41] [Server thread/INFO]: Bamboo Growth Modifier: 100%
[00:12:41] [Server thread/INFO]: SweetBerry Growth Modifier: 100%
[00:12:41] [Server thread/INFO]: Kelp Growth Modifier: 100%
[00:12:41] [Server thread/INFO]: TwistingVines Growth Modifier: 100%
[00:12:41] [Server thread/INFO]: WeepingVines Growth Modifier: 100%
[00:12:41] [Server thread/INFO]: CaveVines Growth Modifier: 100%
[00:12:41] [Server thread/INFO]: Experience Merge Radius: 3.0
[00:12:41] [Server thread/INFO]: Entity Activation Range: An 32 / Mo 32 / Ra 48 / Mi 16 / Tiv true / Isa false
[00:12:41] [Server thread/INFO]: Hopper Transfer: 8 Hopper Check: 1 Hopper Amount: 1 Hopper Can Load Chunks: false
[00:12:41] [Server thread/INFO]: Custom Map Seeds:  Village: 10387312 Desert: 14357617 Igloo: 14357618 Jungle: 14357619 Swamp: 14357620 Monument: 10387313 Ocean: 14357621 Shipwreck: 165745295 End City: 10387313 Slime: 987234911 Nether: 30084232 Mansion: 10387319 Fossil: 14357921 Portal: 34222645
[00:12:41] [Server thread/INFO]: Entity Tracking Range: Pl 48 / An 48 / Mo 48 / Mi 32 / Di 128 / Other 64
[00:12:41] [Server thread/INFO]: Max TNT Explosions: 100
[00:12:41] [Server thread/INFO]: Tile Max Tick Time: 50ms Entity max Tick Time: 50ms
[00:12:42] [Server thread/INFO]: -------- World Settings For [world_the_end] --------
[00:12:42] [Server thread/INFO]: Item Despawn Rate: 6000
[00:12:42] [Server thread/INFO]: Item Merge Radius: 2.5
[00:12:42] [Server thread/INFO]: Allow Zombie Pigmen to spawn from portal blocks: true
[00:12:42] [Server thread/INFO]: View Distance: 10
[00:12:42] [Server thread/INFO]: Simulation Distance: 10
[00:12:42] [Server thread/INFO]: Zombie Aggressive Towards Villager: true
[00:12:42] [Server thread/INFO]: Arrow Despawn Rate: 1200 Trident Respawn Rate:1200
[00:12:42] [Server thread/INFO]: Nerfing mobs spawned from spawners: false
[00:12:42] [Server thread/INFO]: Mob Spawn Range: 6
[00:12:42] [Server thread/INFO]: Cactus Growth Modifier: 100%
[00:12:42] [Server thread/INFO]: Cane Growth Modifier: 100%
[00:12:42] [Server thread/INFO]: Melon Growth Modifier: 100%
[00:12:42] [Server thread/INFO]: Mushroom Growth Modifier: 100%
[00:12:42] [Server thread/INFO]: Pumpkin Growth Modifier: 100%
[00:12:42] [Server thread/INFO]: Sapling Growth Modifier: 100%
[00:12:42] [Server thread/INFO]: Beetroot Growth Modifier: 100%
[00:12:42] [Server thread/INFO]: Carrot Growth Modifier: 100%
[00:12:42] [Server thread/INFO]: Potato Growth Modifier: 100%
[00:12:42] [Server thread/INFO]: Wheat Growth Modifier: 100%
[00:12:42] [Server thread/INFO]: NetherWart Growth Modifier: 100%
[00:12:42] [Server thread/INFO]: Vine Growth Modifier: 100%
[00:12:42] [Server thread/INFO]: Cocoa Growth Modifier: 100%
[00:12:42] [Server thread/INFO]: Bamboo Growth Modifier: 100%
[00:12:42] [Server thread/INFO]: SweetBerry Growth Modifier: 100%
[00:12:42] [Server thread/INFO]: Kelp Growth Modifier: 100%
[00:12:42] [Server thread/INFO]: TwistingVines Growth Modifier: 100%
[00:12:42] [Server thread/INFO]: WeepingVines Growth Modifier: 100%
[00:12:42] [Server thread/INFO]: CaveVines Growth Modifier: 100%
[00:12:42] [Server thread/INFO]: Experience Merge Radius: 3.0
[00:12:42] [Server thread/INFO]: Entity Activation Range: An 32 / Mo 32 / Ra 48 / Mi 16 / Tiv true / Isa false
[00:12:42] [Server thread/INFO]: Hopper Transfer: 8 Hopper Check: 1 Hopper Amount: 1 Hopper Can Load Chunks: false
[00:12:42] [Server thread/INFO]: Custom Map Seeds:  Village: 10387312 Desert: 14357617 Igloo: 14357618 Jungle: 14357619 Swamp: 14357620 Monument: 10387313 Ocean: 14357621 Shipwreck: 165745295 End City: 10387313 Slime: 987234911 Nether: 30084232 Mansion: 10387319 Fossil: 14357921 Portal: 34222645
[00:12:42] [Server thread/INFO]: Entity Tracking Range: Pl 48 / An 48 / Mo 48 / Mi 32 / Di 128 / Other 64
[00:12:42] [Server thread/INFO]: Max TNT Explosions: 100
[00:12:42] [Server thread/INFO]: Tile Max Tick Time: 50ms Entity max Tick Time: 50ms
[00:12:42] [Server thread/INFO]: Preparing start region for dimension minecraft:overworld
[00:12:44] [Worker-Main-4/INFO]: Preparing spawn area: 0%
[00:12:44] [Worker-Main-1/INFO]: Preparing spawn area: 0%
[00:12:44] [Worker-Main-7/INFO]: Preparing spawn area: 0%
[00:12:44] [Worker-Main-1/INFO]: Preparing spawn area: 0%
[00:12:44] [Worker-Main-3/INFO]: Preparing spawn area: 0%
[00:12:45] [Server thread/INFO]: Time elapsed: 2472 ms
[00:12:45] [Server thread/INFO]: Preparing start region for dimension minecraft:the_nether
[00:12:46] [Worker-Main-2/INFO]: Preparing spawn area: 0%
[00:12:46] [Worker-Main-3/INFO]: Preparing spawn area: 0%
[00:12:46] [Worker-Main-5/INFO]: Preparing spawn area: 0%
[00:12:46] [Worker-Main-7/INFO]: Preparing spawn area: 0%
[00:12:47] [Server thread/INFO]: Time elapsed: 1984 ms
[00:12:47] [Server thread/INFO]: Preparing start region for dimension minecraft:the_end
[00:12:48] [Worker-Main-2/INFO]: Preparing spawn area: 0%
[00:12:48] [Worker-Main-2/INFO]: Preparing spawn area: 0%
[00:12:48] [Worker-Main-5/INFO]: Preparing spawn area: 0%
[00:12:48] [Worker-Main-6/INFO]: Preparing spawn area: 93%
[00:12:48] [Server thread/INFO]: Time elapsed: 1515 ms
[00:12:48] [Server thread/INFO]: [ClearLag] Enabling ClearLag v3.2.2
[00:12:48] [Server thread/INFO]: [ClearLag] Using version-adapter: LatestVersionAdapter
[00:12:48] [Server thread/INFO]: [ClearLag] Loading modules...
[00:12:48] [Server thread/WARN]: [ClearLag] Clearlag failed to use the internal TPS tracker during initialization. Reverted to estimation... (net.minecraft.server.v1_20_R3.MinecraftServer)
[00:12:48] [Server thread/INFO]: [ClearLag] Modules enabed, loading config values
[00:12:48] [Server thread/INFO]: [ClearLag] Modules have been loaded!
[00:12:48] [Server thread/INFO]: [ClearLag] Clearlag is now enabled!
[00:12:48] [Thread-8/INFO]: [ClearLag] Checking for updates compatible with your bukkit version [1.20]...
[00:12:48] [Server thread/INFO]: [OnePlayerSleep] Enabling OnePlayerSleep v1.2
[00:12:48] [Server thread/INFO]: [OnePlayerSleep] Thank you for using the OnePlayerSleep plugin! If you enjoy using this plugin, please consider making a donation to support the development. You can donate at: https://donate.ashkiano.com
[00:12:48] [Server thread/INFO]: [mcMMO] Enabling mcMMO v2.1.231
[00:12:48] [Thread-8/INFO]: [ClearLag] No updates found!
[00:12:49] [Server thread/INFO]: [KeepDeathDrop] Enabling KeepDeathDrop v1.0.7
[00:12:49] [Server thread/INFO]: [KeepDeathDrop] Enabled!
[00:12:49] [Server thread/INFO]: Server permissions file permissions.yml is empty, ignoring it
[00:12:49] [Server thread/INFO]: Done (8.065s)! For help, type "help"
[00:13:00] [User Authenticator #1/INFO]: UUID of player mingus1 is cfcf6275-70dd-4d48-a4fc-6bfadc9a3e77
[00:13:00] [Server thread/INFO]: mingus1 joined the game
[00:13:00] [Server thread/INFO]: mingus1[/26.172.117.66:61209] logged in with entity id 172 at ([world]-1131.964089230974, -53.0, -187.58469179184894)
[00:13:00] [User Authenticator #2/INFO]: UUID of player PILLERN is 23a1de55-1627-4d51-b046-447cf62ee674
[00:13:01] [Server thread/INFO]: PILLERN joined the game
[00:13:01] [Server thread/INFO]: PILLERN[/26.48.63.4:54753] logged in with entity id 173 at ([world]-664.1096557352245, 74.0, -286.1264319341205)
[00:13:02] [User Authenticator #3/INFO]: UUID of player suberboy45ds is af7e438f-3181-4eb9-b14e-cc70d71196e9
[00:13:03] [Server thread/INFO]: suberboy45ds joined the game
[00:13:03] [Server thread/INFO]: suberboy45ds[/26.136.24.93:53026] logged in with entity id 521 at ([world]-736.1323407713647, 63.0, -116.35375847869045)
[00:13:06] [User Authenticator #4/INFO]: UUID of player Skorri_ is 2ddc2f8e-2449-49a5-b6d8-594664b06e97
[00:13:06] [Server thread/INFO]: Skorri_ joined the game
[00:13:06] [Server thread/INFO]: Skorri_[/26.220.105.158:51936] logged in with entity id 725 at ([world]-666.9699798797317, 74.0, -281.82597990206676)
[00:18:16] [Server thread/INFO]: Named entity EntitySkeleton['Skeleton'/2819, l='ServerLevel[world]', x=-1254.30, y=-48.00, z=-186.30] died: Skeleton was slain by mingus1
[00:19:49] [Server thread/INFO]: Named entity EntitySkeleton['Skeleton'/3198, l='ServerLevel[world]', x=-1271.30, y=-43.00, z=-169.71] died: Skeleton was slain by mingus1
[00:22:56] [Server thread/INFO]: Named entity EntityZombie['Zombie'/5012, l='ServerLevel[world]', x=-611.38, y=25.00, z=-50.17] died: Zombie was slain by PILLERN
[00:23:07] [Server thread/INFO]: Named entity EntitySkeleton['Skeleton'/5113, l='ServerLevel[world]', x=-630.50, y=26.00, z=-54.83] died: Skeleton was slain by PILLERN
[00:23:13] [Server thread/INFO]: Named entity EntityZombie['Zombie'/5267, l='ServerLevel[world]', x=-642.28, y=28.00, z=-41.76] died: Zombie was slain by PILLERN
[00:24:07] [Server thread/INFO]: Named entity EntitySkeleton['Skeleton'/5357, l='ServerLevel[world]', x=-646.92, y=4.00, z=-61.15] died: Skeleton was slain by PILLERN
[00:24:09] [Server thread/INFO]: Named entity EntitySlime['Slime'/5356, l='ServerLevel[world]', x=-645.42, y=3.00, z=-56.88] died: Slime was slain by PILLERN
[00:24:10] [Server thread/INFO]: Named entity EntitySlime['Slime'/6072, l='ServerLevel[world]', x=-643.55, y=3.18, z=-55.94] died: Slime was slain by PILLERN
[00:24:11] [Server thread/INFO]: Named entity EntitySlime['Slime'/6071, l='ServerLevel[world]', x=-644.25, y=2.00, z=-55.70] died: Slime was slain by PILLERN
[00:24:11] [Server thread/INFO]: Named entity EntitySlime['Slime'/6073, l='ServerLevel[world]', x=-645.85, y=3.00, z=-54.46] died: Slime was slain by PILLERN
[00:24:12] [Server thread/INFO]: Named entity EntitySlime['Slime'/6103, l='ServerLevel[world]', x=-643.91, y=3.25, z=-52.74] died: Slime was slain by PILLERN
[00:24:12] [Server thread/INFO]: Named entity EntitySlime['Slime'/6102, l='ServerLevel[world]', x=-644.52, y=3.25, z=-53.01] died: Slime was slain by PILLERN
[00:24:14] [Server thread/INFO]: Named entity EntitySlime['Slime'/6100, l='ServerLevel[world]', x=-644.16, y=2.75, z=-54.81] died: Slime was slain by PILLERN
[00:24:15] [Server thread/INFO]: Named entity EntitySlime['Slime'/6094, l='ServerLevel[world]', x=-644.36, y=2.00, z=-53.73] died: Slime was slain by PILLERN
[00:24:16] [Server thread/INFO]: Named entity EntitySlime['Slime'/6093, l='ServerLevel[world]', x=-645.36, y=2.00, z=-53.26] died: Slime was slain by PILLERN
[00:24:16] [Server thread/INFO]: Named entity EntitySlime['Slime'/6095, l='ServerLevel[world]', x=-645.25, y=2.00, z=-52.26] died: Slime was slain by PILLERN
[00:24:17] [Server thread/INFO]: Named entity EntitySlime['Slime'/6112, l='ServerLevel[world]', x=-646.17, y=3.00, z=-52.68] died: Slime was slain by PILLERN
[00:24:17] [Server thread/INFO]: Named entity EntitySlime['Slime'/6111, l='ServerLevel[world]', x=-646.77, y=3.00, z=-53.53] died: Slime was slain by PILLERN
[00:24:21] [Server thread/INFO]: Named entity EntitySkeleton['Skeleton'/5463, l='ServerLevel[world]', x=-646.70, y=3.00, z=-60.70] died: Skeleton was slain by PILLERN
[00:24:23] [Server thread/INFO]: Named entity EntitySkeleton['Skeleton'/5425, l='ServerLevel[world]', x=-650.70, y=4.00, z=-59.30] died: Skeleton was slain by PILLERN
[00:24:50] [Server thread/INFO]: Named entity EntityZombie['Zombie'/6121, l='ServerLevel[world]', x=-677.70, y=79.42, z=-290.01] died: Zombie was slain by Skorri_
[00:25:11] [Server thread/INFO]: Named entity EntitySkeleton['Skeleton'/5545, l='ServerLevel[world]', x=-679.61, y=5.00, z=-25.14] died: Skeleton was slain by PILLERN
[00:25:17] [Server thread/INFO]: Named entity EntitySpider['Spider'/6123, l='ServerLevel[world]', x=-686.25, y=85.15, z=-289.05] died: Spider was slain by Skorri_
[00:25:20] [Server thread/INFO]: Named entity EntityZombie['Zombie'/6188, l='ServerLevel[world]', x=-680.59, y=80.73, z=-291.90] died: Zombie was slain by Skorri_
[00:27:14] [Server thread/INFO]: Named entity EntitySkeleton['Skeleton'/7851, l='ServerLevel[world]', x=-642.79, y=-27.00, z=56.30] died: Skeleton was slain by PILLERN
[00:27:55] [Server thread/WARN]: PILLERN moved too quickly! 4.245462997585946,5.580000013113022,-12.874855563400402
[00:27:55] [Server thread/WARN]: Can't keep up! Is the server overloaded? Running 5731ms or 114 ticks behind
[00:28:49] [Server thread/INFO]: Named entity EntitySkeleton['Skeleton'/8800, l='ServerLevel[world]', x=-668.77, y=2.00, z=-84.54] died: Skeleton was slain by PILLERN
[00:29:09] [Server thread/INFO]: Named entity EntitySkeleton['Skeleton'/6574, l='ServerLevel[world]', x=-746.30, y=8.00, z=-44.85] died: Skeleton was slain by PILLERN
[00:29:46] [Server thread/INFO]: Named entity EntityZombie['Zombie'/8435, l='ServerLevel[world]', x=-681.07, y=25.34, z=-44.31] died: Zombie was slain by PILLERN
[00:29:57] [Server thread/INFO]: Named entity EntitySpider['Spider'/8889, l='ServerLevel[world]', x=-656.17, y=28.00, z=-46.51] died: Spider was slain by PILLERN
[00:29:58] [Server thread/INFO]: Named entity EntityZombie['Zombie'/8068, l='ServerLevel[world]', x=-654.55, y=28.00, z=-44.31] died: Zombie was slain by PILLERN
[00:30:02] [Server thread/INFO]: Named entity EntityZombie['Zombie'/9262, l='ServerLevel[world]', x=-666.52, y=28.00, z=-37.54] died: Zombie was slain by PILLERN
[00:30:04] [Server thread/INFO]: Named entity EntityZombie['Zombie'/9261, l='ServerLevel[world]', x=-668.61, y=28.00, z=-36.38] died: Zombie was slain by PILLERN
[00:30:15] [Server thread/INFO]: Named entity EntityZombie['Zombie'/8743, l='ServerLevel[world]', x=-666.23, y=29.00, z=-34.82] died: Zombie was slain by PILLERN
[00:32:59] [Server thread/WARN]: PILLERN moved too quickly! -10.237369710576445,2.419999986886978,-4.4519576701882215
[00:32:59] [Server thread/WARN]: Can't keep up! Is the server overloaded? Running 3919ms or 78 ticks behind
[00:33:43] [Server thread/INFO]: Named entity EntityZombie['Zombie'/11295, l='ServerLevel[world]', x=-1705.64, y=-35.58, z=-196.52] died: Zombie was slain by mingus1
[00:33:49] [Server thread/INFO]: Named entity EntitySkeleton['Skeleton'/12076, l='ServerLevel[world]', x=-1702.70, y=-29.00, z=-203.44] died: Skeleton was slain by mingus1
[00:34:02] [Server thread/INFO]: Named entity EntityCreeper['Creeper'/12888, l='ServerLevel[world]', x=-1705.46, y=-33.00, z=-198.97] died: Creeper was slain by mingus1
[00:34:03] [Server thread/INFO]: Named entity EntityZombie['Zombie'/12275, l='ServerLevel[world]', x=-1705.83, y=-34.00, z=-198.24] died: Zombie was slain by mingus1
[00:34:06] [Server thread/INFO]: Named entity EntityZombie['Zombie'/12211, l='ServerLevel[world]', x=-1705.70, y=-30.00, z=-201.70] died: Zombie was slain by mingus1
[00:34:29] [Server thread/INFO]: Named entity EntitySpider['❤❤❤❤❤❤❤❤'/12671, l='ServerLevel[world]', x=-1708.56, y=-26.00, z=-208.75] died: ❤❤❤❤❤❤❤❤ was doomed to fall by mingus1
[00:34:31] [Server thread/INFO]: Named entity EntitySpider['Spider'/12672, l='ServerLevel[world]', x=-1706.93, y=-23.46, z=-215.88] died: Spider was slain by mingus1
[00:34:49] [Server thread/INFO]: Named entity EntityCreeper['Creeper'/12148, l='ServerLevel[world]', x=-1708.59, y=-27.00, z=-207.96] died: Creeper was slain by mingus1
[00:34:50] [Server thread/INFO]: Named entity EntitySpider['Spider'/12670, l='ServerLevel[world]', x=-1707.85, y=-25.60, z=-209.34] died: Spider was slain by mingus1
[00:34:54] [Server thread/INFO]: Named entity EntitySkeleton['Skeleton'/11972, l='ServerLevel[world]', x=-1705.71, y=-25.00, z=-211.70] died: Skeleton was slain by mingus1
[00:35:09] [Server thread/INFO]: Named entity EntitySkeleton['Skeleton'/13004, l='ServerLevel[world]', x=-1703.92, y=-34.00, z=-199.66] died: Skeleton was shot by Skeleton
[00:35:33] [Server thread/INFO]: Named entity EntitySkeleton['Skeleton'/13409, l='ServerLevel[world]', x=-1708.93, y=-17.00, z=-155.30] died: Skeleton was shot by Skeleton
[00:35:39] [Server thread/INFO]: Named entity EntityCreeper['Creeper'/14045, l='ServerLevel[world]', x=-1709.06, y=-17.00, z=-161.18] died: Creeper was slain by mingus1
[00:35:42] [Server thread/INFO]: Named entity EntityCreeper['Creeper'/14455, l='ServerLevel[world]', x=-1712.48, y=-17.00, z=-164.11] died: Creeper was slain by mingus1
[00:35:47] [Server thread/INFO]: Named entity EntitySkeleton['Skeleton'/14047, l='ServerLevel[world]', x=-1720.06, y=-17.00, z=-158.67] died: Skeleton was slain by mingus1
[00:35:47] [Server thread/INFO]: Named entity EntitySkeleton['Skeleton'/14046, l='ServerLevel[world]', x=-1720.70, y=-17.00, z=-158.14] died: Skeleton was slain by mingus1
[00:35:50] [Server thread/INFO]: Named entity EntityCreeper['Creeper'/14456, l='ServerLevel[world]', x=-1723.70, y=-18.00, z=-145.30] died: Creeper was slain by mingus1
[00:35:55] [Server thread/INFO]: Named entity EntitySkeleton['Skeleton'/14457, l='ServerLevel[world]', x=-1719.49, y=-17.00, z=-143.62] died: Skeleton was slain by mingus1
[00:36:45] [Server thread/INFO]: Named entity EntityCreeper['Creeper'/14889, l='ServerLevel[world]', x=-1713.73, y=-24.00, z=-196.43] died: Creeper was shot by Skeleton
[00:37:12] [Server thread/INFO]: Named entity EntityCreeper['Creeper'/14888, l='ServerLevel[world]', x=-1715.70, y=-24.00, z=-193.30] died: Creeper was slain by mingus1
[00:37:21] [Server thread/INFO]: Named entity EntityZombie['Zombie'/14828, l='ServerLevel[world]', x=-1714.30, y=-24.00, z=-192.82] died: Zombie was slain by mingus1
[00:37:27] [Server thread/INFO]: Named entity EntityZombie['Zombie'/15289, l='ServerLevel[world]', x=-1714.30, y=-24.00, z=-192.30] died: Zombie was slain by mingus1
[00:37:29] [Server thread/INFO]: Named entity EntitySkeleton['Skeleton'/14920, l='ServerLevel[world]', x=-1714.58, y=-24.00, z=-192.61] died: Skeleton was slain by mingus1
[00:37:32] [Server thread/INFO]: Named entity EntityZombie['Zombie'/12657, l='ServerLevel[world]', x=-1714.57, y=-24.00, z=-192.51] died: Zombie was slain by mingus1
[00:37:33] [Server thread/INFO]: Skorri_ was shot by Skeleton
[00:37:35] [Server thread/INFO]: Named entity EntityZombie['Zombie'/13489, l='ServerLevel[world]', x=-1714.47, y=-24.00, z=-192.74] died: Zombie was slain by mingus1
[00:37:41] [Server thread/INFO]: Named entity EntitySkeleton['Skeleton'/245, l='ServerLevel[world]', x=-661.21, y=74.00, z=-314.06] died: Skeleton was slain by Skorri_
[00:38:02] [Server thread/INFO]: Named entity EntitySkeleton['Skeleton'/15925, l='ServerLevel[world]', x=-1713.30, y=-27.00, z=-222.49] died: Skeleton was shot by Skeleton
[00:38:40] [Server thread/INFO]: Named entity EntitySkeleton['Skeleton'/15510, l='ServerLevel[world]', x=-1696.70, y=-54.00, z=-187.61] died: Skeleton was slain by mingus1
[00:39:02] [Server thread/INFO]: Named entity EntitySkeleton['Skeleton'/16932, l='ServerLevel[world]', x=-1598.80, y=-12.00, z=215.92] died: Skeleton was slain by PILLERN
[00:39:06] [Server thread/INFO]: Named entity EntityZombie['Zombie'/16881, l='ServerLevel[world]', x=-1599.26, y=-13.00, z=217.15] died: Zombie was slain by PILLERN
[00:39:07] [Server thread/INFO]: Named entity EntityZombie['Zombie'/16883, l='ServerLevel[world]', x=-1599.11, y=-13.00, z=217.02] died: Zombie was slain by PILLERN
[00:39:18] [Server thread/INFO]: Named entity EntityZombie['Zombie'/17252, l='ServerLevel[world]', x=-1591.30, y=-14.00, z=219.62] died: Zombie was slain by PILLERN
[00:39:31] [Server thread/INFO]: Named entity EntitySlime['Slime'/17308, l='ServerLevel[world]', x=-1538.51, y=-15.00, z=216.22] died: Slime was slain by PILLERN
[00:39:33] [Server thread/INFO]: Named entity EntitySkeleton['❤❤❤❤❤❤❤❤❤❤'/17586, l='ServerLevel[world]', x=-1386.94, y=-53.00, z=-187.70] died: ❤❤❤❤❤❤❤❤❤❤ was burned to a crisp while fighting mingus1
[00:39:56] [Server thread/INFO]: Named entity EntitySkeleton['Skeleton'/17974, l='ServerLevel[world]', x=-1194.50, y=-53.00, z=-187.70] died: Skeleton was slain by mingus1
[00:39:58] [Server thread/INFO]: Named entity EntitySkeleton['Skeleton'/17976, l='ServerLevel[world]', x=-1190.33, y=-53.00, z=-187.30] died: Skeleton was slain by mingus1
[00:39:58] [Server thread/INFO]: Named entity EntitySkeleton['Skeleton'/17975, l='ServerLevel[world]', x=-1188.06, y=-53.00, z=-187.30] died: Skeleton was slain by mingus1
[00:40:07] [Server thread/INFO]: Named entity EntityZombie['Zombie'/17001, l='ServerLevel[world]', x=-1588.58, y=-40.00, z=193.77] died: Zombie was slain by PILLERN
[00:40:25] [Server thread/INFO]: Named entity EntityZombie['Zombie'/18398, l='ServerLevel[world]', x=-1049.05, y=-53.00, z=-187.63] died: Zombie was slain by mingus1
[00:43:07] [Server thread/INFO]: Named entity EntitySkeleton['Skeleton'/19589, l='ServerLevel[world]', x=-1515.30, y=-43.00, z=161.30] died: Skeleton was slain by PILLERN
[00:43:11] [Server thread/INFO]: Named entity EntitySkeleton['Skeleton'/19588, l='ServerLevel[world]', x=-1515.90, y=-41.00, z=161.79] died: Skeleton was shot by Skeleton
[00:43:15] [Server thread/INFO]: Named entity EntitySkeleton['Skeleton'/19587, l='ServerLevel[world]', x=-1517.56, y=-41.00, z=160.30] died: Skeleton was slain by PILLERN
[00:44:10] [Server thread/INFO]: Named entity EntitySkeleton['❤❤❤❤❤❤❤❤❤❤'/19208, l='ServerLevel[world]', x=-1535.70, y=-43.00, z=187.57] died: ❤❤❤❤❤❤❤❤❤❤ was burned to a crisp while fighting PILLERN
[00:44:44] [Server thread/INFO]: PILLERN has made the advancement [Ice Bucket Challenge]
[00:45:53] [Server thread/INFO]: Named entity EntitySkeleton['Skeleton'/18218, l='ServerLevel[world]', x=-1537.40, y=-34.00, z=156.70] died: Skeleton was slain by PILLERN
[00:47:09] [Server thread/INFO]: Named entity EntityZombie['Zombie'/20770, l='ServerLevel[world]', x=-1517.95, y=-12.00, z=155.55] died: Zombie was slain by PILLERN
[00:47:40] [Server thread/INFO]: Named entity EntitySkeleton['Skeleton'/20554, l='ServerLevel[world]', x=-1527.70, y=8.00, z=135.80] died: Skeleton was slain by PILLERN
[00:48:01] [Server thread/WARN]: PILLERN moved too quickly! -6.480689303198915,0.2468000194787976,-12.618747259933727
[00:48:01] [Server thread/WARN]: mingus1 moved too quickly! -9.63031484499561,4.419999986886978,-9.571834453939573
[00:48:26] [Server thread/INFO]: Named entity EntityCreeper['❤❤❤❤❤❤❤❤❤❤'/21979, l='ServerLevel[world]', x=-1590.70, y=17.00, z=-16.85] died: ❤❤❤❤❤❤❤❤❤❤ was burned to a crisp while fighting PILLERN
[00:48:32] [Server thread/INFO]: Named entity EntityZombie['Zombie'/22034, l='ServerLevel[world]', x=-1588.87, y=19.00, z=-17.19] died: Zombie was slain by PILLERN
[00:49:11] [Server thread/INFO]: Named entity EntityZombie['Zombie'/22419, l='ServerLevel[world]', x=-1603.70, y=-5.00, z=-11.70] died: Zombie was slain by PILLERN
[00:49:20] [Server thread/INFO]: Named entity EntitySkeleton['❤❤❤❤❤❤❤❤❤❤'/22256, l='ServerLevel[world]', x=-1598.97, y=-9.00, z=3.01] died: ❤❤❤❤❤❤❤❤❤❤ was burned to a crisp while fighting PILLERN
[00:49:29] [Server thread/INFO]: Named entity EntityZombie['Zombie'/22584, l='ServerLevel[world]', x=-1623.46, y=-2.00, z=-8.33] died: Zombie was slain by PILLERN
[00:49:31] [Server thread/INFO]: Named entity EntityZombie['Zombie'/22585, l='ServerLevel[world]', x=-1623.43, y=-2.00, z=-8.88] died: Zombie was slain by PILLERN
[00:49:55] [Server thread/INFO]: Named entity EntityZombie['❤❤❤❤❤❤❤❤❤❤'/22961, l='ServerLevel[world]', x=-1660.84, y=-8.00, z=28.59] died: ❤❤❤❤❤❤❤❤❤❤ was burned to a crisp while fighting PILLERN
[00:49:57] [Server thread/INFO]: Named entity EntityZombie['Zombie'/22962, l='ServerLevel[world]', x=-1661.73, y=-8.00, z=30.53] died: Zombie was slain by PILLERN
[00:49:59] [Server thread/INFO]: Named entity EntityZombie['Zombie'/23010, l='ServerLevel[world]', x=-1663.33, y=-8.00, z=32.58] died: Zombie was slain by PILLERN
[00:50:04] [Server thread/INFO]: Named entity EntitySpider['Spider'/22654, l='ServerLevel[world]', x=-1662.56, y=-7.60, z=31.32] died: Spider was slain by PILLERN
[00:51:13] [Server thread/INFO]: Named entity EntityCow['Cow'/494, l='ServerLevel[world]', x=-632.93, y=68.00, z=-161.91] died: Cow was slain by mingus1
[00:51:14] [Server thread/INFO]: Named entity EntityCow['Cow'/456, l='ServerLevel[world]', x=-632.93, y=68.00, z=-161.95] died: Cow was slain by mingus1
[00:51:16] [Server thread/INFO]: Named entity EntityCow['Cow'/455, l='ServerLevel[world]', x=-632.93, y=68.00, z=-163.09] died: Cow was slain by mingus1
[00:51:17] [Server thread/INFO]: Named entity EntityCow['Cow'/457, l='ServerLevel[world]', x=-632.93, y=68.00, z=-162.63] died: Cow was slain by mingus1
[00:51:18] [Server thread/INFO]: Named entity EntityCow['Cow'/469, l='ServerLevel[world]', x=-632.92, y=68.00, z=-161.74] died: Cow was slain by mingus1
[00:51:19] [Server thread/INFO]: Named entity EntityCow['Cow'/470, l='ServerLevel[world]', x=-632.93, y=68.00, z=-162.52] died: Cow was slain by mingus1
[00:51:20] [Server thread/INFO]: Named entity EntityCow['Cow'/460, l='ServerLevel[world]', x=-632.93, y=68.00, z=-163.93] died: Cow was slain by mingus1
[00:51:21] [Server thread/INFO]: Named entity EntityCow['Cow'/477, l='ServerLevel[world]', x=-632.92, y=68.00, z=-163.10] died: Cow was slain by mingus1
[00:51:22] [Server thread/INFO]: Named entity EntityCow['Cow'/473, l='ServerLevel[world]', x=-632.64, y=68.00, z=-164.06] died: Cow was slain by mingus1
[00:51:23] [Server thread/INFO]: Named entity EntityCow['Cow'/478, l='ServerLevel[world]', x=-632.76, y=68.00, z=-164.93] died: Cow was slain by mingus1
[00:51:24] [Server thread/INFO]: Named entity EntityCow['Cow'/495, l='ServerLevel[world]', x=-632.26, y=68.00, z=-164.74] died: Cow was slain by mingus1
[00:51:25] [Server thread/INFO]: Named entity EntityCow['Cow'/479, l='ServerLevel[world]', x=-632.30, y=68.00, z=-163.99] died: Cow was slain by mingus1
[00:51:26] [Server thread/INFO]: Named entity EntityCow['Cow'/471, l='ServerLevel[world]', x=-632.86, y=68.00, z=-163.66] died: Cow was slain by mingus1
[00:51:27] [Server thread/INFO]: Named entity EntityCow['Cow'/496, l='ServerLevel[world]', x=-631.69, y=68.00, z=-163.50] died: Cow was slain by mingus1
[00:51:28] [Server thread/INFO]: Named entity EntityCow['Cow'/452, l='ServerLevel[world]', x=-630.89, y=68.00, z=-164.93] died: Cow was slain by mingus1
[00:51:29] [Server thread/INFO]: Named entity EntityCow['Cow'/493, l='ServerLevel[world]', x=-630.34, y=68.00, z=-164.93] died: Cow was slain by mingus1
[00:51:32] [Server thread/INFO]: Named entity EntityCow['Cow'/501, l='ServerLevel[world]', x=-631.04, y=68.00, z=-163.79] died: Cow was slain by mingus1
[00:51:32] [Server thread/INFO]: Named entity EntityZombie['Zombie'/23073, l='ServerLevel[world]', x=-1697.38, y=-20.00, z=48.52] died: Zombie was slain by PILLERN
[00:51:33] [Server thread/INFO]: Named entity EntityCow['Cow'/472, l='ServerLevel[world]', x=-630.73, y=68.00, z=-164.72] died: Cow was slain by mingus1
[00:51:34] [Server thread/INFO]: Named entity EntityCow['Cow'/497, l='ServerLevel[world]', x=-630.91, y=68.00, z=-163.97] died: Cow was slain by mingus1
[00:51:35] [Server thread/INFO]: Named entity EntityCow['Cow'/476, l='ServerLevel[world]', x=-632.02, y=68.00, z=-163.98] died: Cow was slain by mingus1
[00:51:37] [Server thread/INFO]: Named entity EntityCow['Cow'/499, l='ServerLevel[world]', x=-631.74, y=68.00, z=-161.27] died: Cow was slain by mingus1
[00:51:39] [Server thread/INFO]: Named entity EntityCow['Cow'/474, l='ServerLevel[world]', x=-628.33, y=68.00, z=-162.14] died: Cow was slain by mingus1
[00:51:40] [Server thread/INFO]: Named entity EntityCow['Cow'/453, l='ServerLevel[world]', x=-629.41, y=68.00, z=-162.53] died: Cow was slain by mingus1
[00:51:43] [Server thread/INFO]: Named entity EntityCow['Cow'/458, l='ServerLevel[world]', x=-630.56, y=68.00, z=-161.07] died: Cow was slain by mingus1
[00:51:44] [Server thread/INFO]: Named entity EntityCow['Cow'/454, l='ServerLevel[world]', x=-631.56, y=68.00, z=-162.94] died: Cow was slain by mingus1
[00:51:45] [Server thread/INFO]: Named entity EntityCow['Cow'/492, l='ServerLevel[world]', x=-632.77, y=68.00, z=-162.92] died: Cow was slain by mingus1
[00:51:55] [Server thread/INFO]: Named entity EntityZombie['❤❤❤❤❤❤❤❤❤❤'/22391, l='ServerLevel[world]', x=-1709.58, y=-20.00, z=49.10] died: ❤❤❤❤❤❤❤❤❤❤ was burned to a crisp while fighting PILLERN
[00:52:44] [Server thread/INFO]: [0;33;22m([0;32;1mmcMMO[0;33;22m) Skorri_[0;37;22m has reached level [0;32;1m100[0;37;22m in [0;36;22mAcrobatics[0;37;22m![m
[00:53:00] [Server thread/INFO]: Named entity EntityCow['Cow'/24181, l='ServerLevel[world]', x=-654.16, y=69.00, z=132.35] died: Cow was slain by suberboy45ds
[00:53:02] [Server thread/INFO]: Named entity EntityCow['Cow'/22817, l='ServerLevel[world]', x=-660.28, y=69.00, z=129.37] died: Cow was slain by suberboy45ds
[00:53:05] [Server thread/INFO]: Named entity EntityCow['Cow'/22855, l='ServerLevel[world]', x=-657.99, y=70.00, z=134.01] died: Cow was slain by suberboy45ds
[00:53:07] [Server thread/INFO]: Named entity EntityCow['Cow'/22816, l='ServerLevel[world]', x=-663.52, y=70.00, z=140.00] died: Cow was slain by suberboy45ds
[00:53:25] [Server thread/INFO]: Named entity EntityZombie['Zombie'/24832, l='ServerLevel[world]', x=-1808.65, y=-30.00, z=77.02] died: Zombie was slain by PILLERN
[00:53:27] [Server thread/INFO]: Named entity EntityZombie['Zombie'/24833, l='ServerLevel[world]', x=-1808.13, y=-30.00, z=75.62] died: Zombie was slain by PILLERN
[00:54:09] [Server thread/INFO]: Named entity EntitySkeleton['Skeleton'/24260, l='ServerLevel[world]', x=-1793.98, y=-11.46, z=59.42] died: Skeleton was slain by PILLERN
[00:54:12] [Server thread/INFO]: Named entity EntityZombie['Zombie'/25436, l='ServerLevel[world]', x=-1787.70, y=-13.00, z=64.70] died: Zombie was slain by PILLERN
[00:54:15] [Server thread/INFO]: Named entity EntitySkeleton['Skeleton'/25810, l='ServerLevel[world]', x=-1774.25, y=-16.00, z=65.02] died: Skeleton was slain by PILLERN
[00:54:28] [Server thread/INFO]: Named entity EntityZombie['Zombie'/24986, l='ServerLevel[world]', x=-1736.45, y=-40.00, z=52.40] died: Zombie was slain by PILLERN
[00:54:51] [Server thread/INFO]: Named entity EntitySkeleton['Skeleton'/26259, l='ServerLevel[world]', x=-1709.79, y=-42.00, z=50.05] died: Skeleton was slain by PILLERN
[00:54:56] [Server thread/INFO]: Named entity EntityZombie['Zombie'/26316, l='ServerLevel[world]', x=-1714.13, y=-44.00, z=56.20] died: Zombie was slain by PILLERN
[00:54:58] [Server thread/INFO]: Named entity EntityZombie['Zombie'/26315, l='ServerLevel[world]', x=-1710.41, y=-44.00, z=54.95] died: Zombie was slain by PILLERN
[00:55:09] [Server thread/INFO]: Named entity EntityZombie['Zombie'/26470, l='ServerLevel[world]', x=-1707.94, y=-45.00, z=55.81] died: Zombie was slain by PILLERN
[00:57:03] [Server thread/INFO]: Named entity EntitySkeleton['Skeleton'/26224, l='ServerLevel[world]', x=-1686.70, y=-41.00, z=66.08] died: Skeleton was slain by PILLERN
[00:57:04] [Server thread/INFO]: Named entity EntitySkeleton['Skeleton'/26685, l='ServerLevel[world]', x=-1686.90, y=-41.00, z=71.56] died: Skeleton was slain by PILLERN
[00:57:08] [Server thread/INFO]: Named entity EntitySkeleton['Skeleton'/26686, l='ServerLevel[world]', x=-1689.67, y=-40.00, z=81.01] died: Skeleton was slain by PILLERN
[00:57:10] [Server thread/INFO]: Named entity EntitySkeleton['Skeleton'/26687, l='ServerLevel[world]', x=-1689.70, y=-40.00, z=82.01] died: Skeleton was slain by PILLERN
[00:57:59] [Server thread/INFO]: Named entity EntitySkeleton['Skeleton'/27785, l='ServerLevel[world]', x=-1750.18, y=-19.00, z=70.70] died: Skeleton was slain by PILLERN
[00:59:01] [Server thread/INFO]: Skorri_ issued server command: /acrobatics
[00:59:15] [Server thread/INFO]: Named entity EntitySkeleton['Skeleton'/28226, l='ServerLevel[world]', x=-1720.40, y=-19.00, z=-51.70] died: Skeleton was slain by PILLERN
[01:00:38] [Server thread/INFO]: Named entity EntityZombie['❤❤❤❤❤❤❤❤❤❤'/28922, l='ServerLevel[world]', x=-1667.30, y=-14.00, z=13.36] died: ❤❤❤❤❤❤❤❤❤❤ was burned to a crisp while fighting PILLERN
[01:00:45] [Server thread/INFO]: Named entity EntityZombie['Zombie'/29220, l='ServerLevel[world]', x=-1663.01, y=-9.00, z=22.11] died: Zombie was slain by PILLERN
[01:00:45] [Server thread/INFO]: [0;33;22m([0;32;1mmcMMO[0;33;22m) PILLERN[0;37;22m has reached level [0;32;1m100[0;37;22m in [0;36;22mSwords[0;37;22m![m
[01:00:49] [Server thread/INFO]: Named entity EntitySkeleton['Skeleton'/29218, l='ServerLevel[world]', x=-1662.07, y=-9.00, z=10.49] died: Skeleton was slain by PILLERN
[01:00:54] [Server thread/INFO]: Named entity EntitySkeleton['Skeleton'/29217, l='ServerLevel[world]', x=-1667.85, y=-12.00, z=18.70] died: Skeleton was slain by PILLERN
[01:00:55] [Server thread/INFO]: Named entity EntitySkeleton['Skeleton'/28891, l='ServerLevel[world]', x=-1668.12, y=-14.00, z=13.06] died: Skeleton was slain by PILLERN
[01:00:57] [Server thread/INFO]: Named entity EntitySkeleton['Skeleton'/28970, l='ServerLevel[world]', x=-1670.83, y=-15.69, z=1.97] died: Skeleton was slain by PILLERN
[01:01:48] [Server thread/WARN]: Horse (vehicle of suberboy45ds) moved wrongly! 0.2778580658504879
[01:01:48] [Server thread/WARN]: Horse (vehicle of suberboy45ds) moved wrongly! 0.7043924428454034
[01:02:33] [Server thread/INFO]: Named entity EntitySpider['❤❤❤❤❤❤❤❤'/30556, l='ServerLevel[world]', x=-694.42, y=65.00, z=-205.21] died: ❤❤❤❤❤❤❤❤ was burned to a crisp while fighting mingus1
[01:02:34] [Server thread/INFO]: Named entity EntitySpider['Spider'/30407, l='ServerLevel[world]', x=-696.41, y=65.04, z=-204.82] died: Spider was slain by mingus1
[01:02:37] [Server thread/INFO]: Named entity EntityZombie['Zombie'/29966, l='ServerLevel[world]', x=-692.38, y=64.00, z=-197.94] died: Zombie was slain by mingus1
[01:02:39] [Server thread/INFO]: Named entity EntitySpider['❤❤❤❤❤❤❤❤'/30555, l='ServerLevel[world]', x=-692.06, y=64.00, z=-198.10] died: ❤❤❤❤❤❤❤❤ was burned to a crisp while fighting mingus1
[01:02:41] [Server thread/INFO]: Named entity EntitySpider['Spider'/30554, l='ServerLevel[world]', x=-697.78, y=65.04, z=-197.12] died: Spider was slain by mingus1
[01:03:00] [Server thread/INFO]: Named entity EntityZombie['Zombie'/30188, l='ServerLevel[world]', x=-703.94, y=64.00, z=-194.23] died: Zombie was slain by mingus1
[01:03:02] [Server thread/INFO]: Named entity EntitySkeleton['Skeleton'/30469, l='ServerLevel[world]', x=-702.30, y=64.00, z=-192.30] died: Skeleton was slain by mingus1
[01:03:11] [Server thread/INFO]: Skorri_ lost connection: Disconnected
[01:03:11] [Server thread/INFO]: Skorri_ left the game
[01:03:17] [Server thread/INFO]: Named entity EntityZombie['Zombie'/31142, l='ServerLevel[world]', x=-533.09, y=63.00, z=184.83] died: Zombie was slain by suberboy45ds
[01:03:58] [Server thread/INFO]: Named entity EntitySpider['❤❤❤❤❤❤❤❤'/31197, l='ServerLevel[world]', x=-674.44, y=64.00, z=-209.17] died: ❤❤❤❤❤❤❤❤ was burned to a crisp while fighting mingus1
[01:04:00] [Server thread/INFO]: Named entity EntityCreeper['Creeper'/31196, l='ServerLevel[world]', x=-675.50, y=64.00, z=-212.27] died: Creeper was slain by mingus1
[01:04:13] [Server thread/INFO]: Named entity EntityCreeper['Creeper'/31195, l='ServerLevel[world]', x=-668.81, y=65.00, z=-225.81] died: Creeper was slain by mingus1
[01:04:21] [Server thread/INFO]: Named entity EntityCreeper['Creeper'/31733, l='ServerLevel[world]', x=-689.70, y=67.00, z=-238.51] died: Creeper was slain by mingus1
[01:04:26] [Server thread/INFO]: Named entity EntityZombie['Zombie'/31348, l='ServerLevel[world]', x=-1557.57, y=-50.00, z=-63.30] died: Zombie was slain by PILLERN
[01:04:44] [Server thread/INFO]: Named entity EntityCreeper['Creeper'/32040, l='ServerLevel[world]', x=-720.71, y=73.00, z=-212.78] died: Creeper was slain by mingus1
[01:04:51] [Server thread/WARN]: Horse (vehicle of suberboy45ds) moved wrongly! 0.32694173804463844
[01:04:51] [Server thread/WARN]: Horse (vehicle of suberboy45ds) moved wrongly! 0.6963995638842562
[01:04:51] [Server thread/WARN]: Horse (vehicle of suberboy45ds) moved wrongly! 1.0
[01:05:00] [Server thread/WARN]: Horse (vehicle of suberboy45ds) moved wrongly! 0.25482578593300786
[01:05:32] [Server thread/INFO]: Named entity EntityZombie['Zombie'/32828, l='ServerLevel[world]', x=-723.53, y=77.00, z=-233.10] died: Zombie was slain by mingus1
[01:05:41] [Server thread/INFO]: Named entity EntityZombie['Zombie'/32827, l='ServerLevel[world]', x=-725.77, y=77.00, z=-234.77] died: Zombie was slain by mingus1
[01:08:26] [Server thread/INFO]: Named entity EntitySpider['Spider'/34456, l='ServerLevel[world]', x=-1586.65, y=-47.37, z=-119.28] died: Spider was slain by PILLERN
[01:09:08] [Server thread/INFO]: Named entity EntitySpider['Spider'/34917, l='ServerLevel[world]', x=-1586.60, y=-40.91, z=-72.15] died: Spider was blown up by Creeper
[01:10:15] [Server thread/INFO]: Named entity EntitySkeleton['❤❤❤❤❤❤❤❤❤❤'/35222, l='ServerLevel[world]', x=-1630.75, y=-39.00, z=-87.67] died: ❤❤❤❤❤❤❤❤❤❤ was burned to a crisp while fighting PILLERN
[01:10:16] [Server thread/INFO]: Named entity EntitySkeleton['Skeleton'/35224, l='ServerLevel[world]', x=-1634.70, y=-38.00, z=-86.56] died: Skeleton was slain by PILLERN
[01:10:19] [Server thread/INFO]: Named entity EntitySkeleton['Skeleton'/35076, l='ServerLevel[world]', x=-1631.70, y=-37.00, z=-80.30] died: Skeleton was slain by PILLERN
[01:10:22] [Server thread/INFO]: Named entity EntityZombie['Zombie'/35187, l='ServerLevel[world]', x=-1637.81, y=-36.00, z=-81.42] died: Zombie was slain by PILLERN
[01:10:25] [Server thread/INFO]: Named entity EntitySkeleton['Skeleton'/35223, l='ServerLevel[world]', x=-1633.32, y=-38.00, z=-88.79] died: Skeleton was slain by PILLERN
[01:10:29] [Server thread/WARN]: Horse (vehicle of suberboy45ds) moved wrongly! 0.28623064632301976
[01:10:29] [Server thread/INFO]: Named entity EntityZombie['Zombie'/35334, l='ServerLevel[world]', x=-1627.11, y=-38.23, z=-86.06] died: Zombie was slain by PILLERN
[01:10:36] [Server thread/INFO]: Named entity EntitySkeleton['❤❤❤❤❤❤❤❤❤❤'/35290, l='ServerLevel[world]', x=-1621.70, y=-39.00, z=-81.30] died: ❤❤❤❤❤❤❤❤❤❤ was burned to a crisp while fighting PILLERN
[01:10:37] [Server thread/INFO]: Named entity EntitySkeleton['Skeleton'/35289, l='ServerLevel[world]', x=-1617.54, y=-39.47, z=-82.94] died: Skeleton was slain by PILLERN
[01:10:40] [Server thread/INFO]: Named entity EntitySkeleton['Skeleton'/35074, l='ServerLevel[world]', x=-1621.90, y=-42.00, z=-90.66] died: Skeleton was slain by PILLERN
[01:10:53] [Server thread/INFO]: mingus1 issued server command: /acrobatics
[01:11:20] [Server thread/INFO]: Named entity EntityZombie['Zombie'/35121, l='ServerLevel[world]', x=-1585.29, y=-49.00, z=-114.88] died: Zombie was slain by PILLERN
[01:11:21] [Server thread/INFO]: Named entity EntityZombie['Zombie'/35122, l='ServerLevel[world]', x=-1584.25, y=-49.00, z=-115.42] died: Zombie was slain by PILLERN
[01:11:24] [Server thread/INFO]: Named entity EntityZombie['Zombie'/35849, l='ServerLevel[world]', x=-1585.31, y=-50.25, z=-109.26] died: Zombie was slain by PILLERN
[01:11:28] [Server thread/INFO]: Named entity EntitySkeleton['Skeleton'/35370, l='ServerLevel[world]', x=-1584.70, y=-52.00, z=-96.42] died: Skeleton was slain by PILLERN
[01:11:32] [Server thread/INFO]: Named entity EntityZombie['Zombie'/34065, l='ServerLevel[world]', x=-1582.49, y=-51.00, z=-99.98] died: Zombie was slain by PILLERN
[01:11:35] [Server thread/INFO]: Named entity EntitySkeleton['Skeleton'/34005, l='ServerLevel[world]', x=-1594.80, y=-51.69, z=-100.55] died: Skeleton was slain by PILLERN
[01:11:38] [Server thread/INFO]: Named entity EntitySkeleton['Skeleton'/35948, l='ServerLevel[world]', x=-1582.07, y=-51.00, z=-93.60] died: Skeleton was slain by PILLERN
[01:11:59] [Server thread/INFO]: Named entity EntityZombie['Zombie'/37134, l='ServerLevel[world]', x=-646.90, y=63.00, z=-376.30] died: Zombie was slain by mingus1
[01:12:01] [Server thread/INFO]: Named entity EntityZombie['Zombie'/37133, l='ServerLevel[world]', x=-647.49, y=62.00, z=-375.40] died: Zombie was slain by mingus1
[01:12:02] [Server thread/INFO]: Named entity EntityZombie['Zombie'/37135, l='ServerLevel[world]', x=-649.26, y=63.25, z=-373.81] died: Zombie was slain by mingus1
[01:12:02] [Server thread/INFO]: Named entity EntityZombie['Zombie'/37132, l='ServerLevel[world]', x=-648.67, y=62.00, z=-375.30] died: Zombie was slain by mingus1
[01:12:12] [Server thread/INFO]: Named entity EntitySkeleton['Skeleton'/37179, l='ServerLevel[world]', x=-667.02, y=56.00, z=-346.20] died: Skeleton was slain by mingus1
[01:12:57] [Server thread/INFO]: Named entity EntitySkeleton['Skeleton'/38467, l='ServerLevel[world]', x=-1693.65, y=-9.00, z=-122.30] died: Skeleton was slain by PILLERN
[01:13:02] [Server thread/INFO]: Named entity EntitySkeleton['Skeleton'/38468, l='ServerLevel[world]', x=-1705.30, y=-8.00, z=-129.70] died: Skeleton was slain by PILLERN
[01:14:05] [Server thread/WARN]: Horse (vehicle of suberboy45ds) moved wrongly! 0.268175200809992
[01:14:05] [Server thread/WARN]: Horse (vehicle of suberboy45ds) moved wrongly! 0.7082256855262585
[01:14:05] [Server thread/WARN]: Horse (vehicle of suberboy45ds) moved wrongly! 0.38725490843194166
[01:14:05] [Server thread/WARN]: Horse (vehicle of suberboy45ds) moved wrongly! 0.34244883513008517
[01:14:12] [Server thread/INFO]: Named entity EntityZombie['Zombie'/38431, l='ServerLevel[world]', x=-1712.67, y=-9.00, z=-112.18] died: Zombie was slain by PILLERN
[01:14:15] [Server thread/INFO]: Named entity EntityCreeper['Creeper'/39719, l='ServerLevel[world]', x=-1722.63, y=-12.00, z=-115.22] died: Creeper was slain by PILLERN
[01:14:18] [Server thread/INFO]: Named entity EntitySkeleton['Skeleton'/39718, l='ServerLevel[world]', x=-1727.82, y=-13.00, z=-115.30] died: Skeleton was slain by PILLERN
[01:14:18] [Server thread/WARN]: Horse (vehicle of suberboy45ds) moved wrongly! 0.25245002553515405
[01:14:53] [Server thread/INFO]: Named entity EntitySkeleton['Skeleton'/39890, l='ServerLevel[world]', x=-1702.70, y=-16.00, z=-53.01] died: Skeleton was shot by PILLERN
[01:14:57] [Server thread/INFO]: Named entity EntitySkeleton['Skeleton'/39889, l='ServerLevel[world]', x=-1702.42, y=-16.87, z=-59.35] died: Skeleton was shot by PILLERN
[01:15:05] [Server thread/INFO]: Named entity EntityZombie['Zombie'/38111, l='ServerLevel[world]', x=-1700.99, y=-18.00, z=-61.51] died: Zombie was slain by PILLERN
[01:15:08] [Server thread/INFO]: Named entity EntitySkeleton['Skeleton'/39888, l='ServerLevel[world]', x=-1703.16, y=-16.98, z=-63.84] died: Skeleton was slain by PILLERN
[01:15:11] [Server thread/INFO]: Named entity EntityCow['Cow'/40424, l='ServerLevel[world]', x=-477.45, y=69.94, z=1254.50] died: Cow was slain by suberboy45ds
[01:15:14] [Server thread/INFO]: Named entity EntityPig['Pig'/40426, l='ServerLevel[world]', x=-479.73, y=70.00, z=1249.73] died: Pig was slain by suberboy45ds
[01:15:16] [Server thread/INFO]: Named entity EntityZombie['❤❤❤❤❤❤❤❤❤❤'/38112, l='ServerLevel[world]', x=-1702.54, y=-17.00, z=-68.83] died: ❤❤❤❤❤❤❤❤❤❤ was burned to a crisp while fighting PILLERN
[01:15:19] [Server thread/INFO]: Named entity EntityZombie['Zombie'/39717, l='ServerLevel[world]', x=-1701.71, y=-17.00, z=-68.42] died: Zombie was slain by PILLERN
[01:15:21] [Server thread/INFO]: Named entity EntityZombie['Zombie'/40786, l='ServerLevel[world]', x=-1703.91, y=-17.00, z=-69.18] died: Zombie was slain by PILLERN
[01:16:34] [Server thread/INFO]: [0;33;22m([0;32;1mmcMMO[0;33;22m) mingus1[0;37;22m has reached a Power level of [0;32;1m600[0;37;22m![m
[01:18:01] [Server thread/WARN]: PILLERN moved too quickly! -0.6424839371575217,0.0,10.39507621980853
[01:18:01] [Server thread/WARN]: Can't keep up! Is the server overloaded? Running 2557ms or 51 ticks behind
[01:18:10] [Server thread/INFO]: Named entity EntitySpider['Spider'/42283, l='ServerLevel[world]', x=-423.32, y=68.00, z=1276.53] died: Spider was slain by suberboy45ds
[01:18:12] [Server thread/INFO]: Named entity EntitySkeleton['Skeleton'/42281, l='ServerLevel[world]', x=-425.68, y=68.00, z=1278.09] died: Skeleton was slain by suberboy45ds
[01:18:18] [Server thread/INFO]: Named entity EntitySkeleton['Skeleton'/42282, l='ServerLevel[world]', x=-425.00, y=67.94, z=1285.43] died: Skeleton was slain by suberboy45ds
[01:18:31] [Server thread/INFO]: Named entity EntityZombie['Zombie'/42940, l='ServerLevel[world]', x=-434.51, y=67.94, z=1286.20] died: Zombie was slain by suberboy45ds
[01:18:32] [Server thread/INFO]: Named entity EntityZombie['Zombie'/42939, l='ServerLevel[world]', x=-437.82, y=67.94, z=1285.54] died: Zombie was slain by suberboy45ds
[01:18:34] [Server thread/INFO]: Named entity EntityCaveSpider['Cave Spider'/43042, l='ServerLevel[world]', x=-1651.21, y=-2.00, z=90.99] died: Cave Spider was slain by PILLERN
[01:18:35] [Server thread/INFO]: Named entity EntityCaveSpider['Cave Spider'/43241, l='ServerLevel[world]', x=-1650.49, y=-2.00, z=91.42] died: Cave Spider was slain by PILLERN
[01:19:42] [Server thread/INFO]: Named entity EntityZombie['Zombie'/43315, l='ServerLevel[world]', x=-469.68, y=69.75, z=1244.85] died: Zombie was slain by suberboy45ds
[01:19:56] [Server thread/INFO]: Named entity EntitySpider['Spider'/42967, l='ServerLevel[world]', x=-482.75, y=70.63, z=1254.57] died: Spider was slain by suberboy45ds
[01:20:26] [Server thread/INFO]: Named entity EntityZombie['Zombie'/44502, l='ServerLevel[world]', x=-475.30, y=70.00, z=1254.73] died: Zombie was slain by suberboy45ds
[01:20:38] [Server thread/INFO]: Named entity EntityCreeper['Creeper'/44484, l='ServerLevel[world]', x=-1690.50, y=-45.00, z=145.57] died: Creeper was slain by PILLERN
[01:20:41] [Server thread/INFO]: Named entity EntityZombie['Zombie'/45086, l='ServerLevel[world]', x=-474.31, y=71.00, z=1258.00] died: Zombie was slain by suberboy45ds
[01:20:43] [Server thread/INFO]: Named entity EntitySpider['Spider'/44693, l='ServerLevel[world]', x=-1704.65, y=-42.82, z=151.08] died: Spider was slain by PILLERN
[01:21:16] [Server thread/INFO]: Named entity EntityZombie['Zombie'/44972, l='ServerLevel[world]', x=-1731.52, y=-11.00, z=189.45] died: Zombie was slain by PILLERN
[01:21:49] [Server thread/INFO]: Named entity EntityZombie['Zombie'/45592, l='ServerLevel[world]', x=-1740.00, y=8.00, z=198.61] died: Zombie was slain by PILLERN
[01:22:14] [Server thread/WARN]: Horse (vehicle of suberboy45ds) moved wrongly! 0.27940900892474474
[01:22:46] [Server thread/INFO]: Named entity EntitySkeleton['Skeleton'/45652, l='ServerLevel[world]', x=-1771.66, y=-3.00, z=194.18] died: Skeleton was shot by PILLERN
[01:22:48] [Server thread/INFO]: Named entity EntitySkeleton['Skeleton'/45651, l='ServerLevel[world]', x=-1759.30, y=0.00, z=195.79] died: Skeleton was shot by PILLERN
[01:22:53] [Server thread/INFO]: Named entity EntityZombie['Zombie'/45700, l='ServerLevel[world]', x=-1759.36, y=-1.00, z=194.70] died: Zombie was shot by PILLERN
[01:22:54] [Server thread/INFO]: Named entity EntityZombie['Zombie'/45684, l='ServerLevel[world]', x=-1759.98, y=-1.00, z=194.70] died: Zombie was shot by PILLERN
[01:22:57] [Server thread/INFO]: Named entity EntityZombie['Zombie'/45813, l='ServerLevel[world]', x=-1760.16, y=-1.00, z=193.98] died: Zombie was shot by PILLERN
[01:22:59] [Server thread/INFO]: Named entity EntityZombie['Zombie'/45812, l='ServerLevel[world]', x=-1759.47, y=-1.00, z=193.74] died: Zombie was shot by PILLERN
[01:23:03] [Server thread/INFO]: Named entity EntityZombieVillager['Zombie Villager'/48535, l='ServerLevel[world]', x=-1765.50, y=-4.00, z=184.45] died: Zombie Villager was shot by PILLERN
[01:23:29] [Server thread/INFO]: Named entity EntitySkeleton['Skeleton'/48536, l='ServerLevel[world]', x=-1776.70, y=-2.00, z=185.30] died: Skeleton was slain by PILLERN
[01:23:38] [Server thread/INFO]: Named entity EntityZombie['Zombie'/50059, l='ServerLevel[world]', x=-1771.70, y=-3.00, z=173.03] died: Zombie was slain by PILLERN
[01:23:42] [Server thread/INFO]: Named entity EntitySpider['Spider'/50060, l='ServerLevel[world]', x=-1769.09, y=-3.00, z=169.99] died: Spider was slain by PILLERN
[01:23:45] [Server thread/INFO]: Named entity EntitySpider['Spider'/50061, l='ServerLevel[world]', x=-1770.40, y=-3.69, z=161.13] died: Spider was slain by PILLERN
[01:24:07] [Server thread/INFO]: Named entity EntitySkeleton['Skeleton'/48537, l='ServerLevel[world]', x=-1802.64, y=-1.00, z=173.38] died: Skeleton was slain by PILLERN
[01:24:18] [Server thread/INFO]: Named entity EntitySkeleton['Skeleton'/51406, l='ServerLevel[world]', x=-1795.24, y=-1.00, z=175.70] died: Skeleton was shot by PILLERN
[01:24:20] [Server thread/INFO]: [0;33;22m([0;32;1mmcMMO[0;33;22m) PILLERN[0;37;22m has reached a Power level of [0;32;1m1,000[0;37;22m![m
[01:24:22] [Server thread/INFO]: Named entity EntitySkeleton['Skeleton'/51408, l='ServerLevel[world]', x=-1804.71, y=-1.00, z=167.89] died: Skeleton was shot by PILLERN
[01:24:24] [Server thread/INFO]: Named entity EntitySkeleton['Skeleton'/51407, l='ServerLevel[world]', x=-1804.94, y=0.00, z=189.49] died: Skeleton was shot by PILLERN
[01:24:28] [Server thread/INFO]: Named entity EntitySkeleton['Skeleton'/51405, l='ServerLevel[world]', x=-1812.67, y=-1.00, z=172.71] died: Skeleton was slain by PILLERN
[01:24:54] [Server thread/INFO]: Named entity EntityEnderman['Enderman'/50212, l='ServerLevel[world_nether]', x=-82.52, y=85.00, z=-137.53] died: Enderman was slain by mingus1
[01:25:35] [Server thread/INFO]: Named entity EntityZombie['Zombie'/52213, l='ServerLevel[world]', x=-1823.48, y=-1.00, z=155.69] died: Zombie was slain by PILLERN
[01:25:45] [Server thread/INFO]: mingus1 has completed the challenge [Return to Sender]
[01:25:45] [Server thread/INFO]: Named entity EntityGhast['Ghast'/52495, l='ServerLevel[world_nether]', x=-80.42, y=90.26, z=-181.36] died: Ghast was fireballed by mingus1
[01:25:47] [Server thread/INFO]: Named entity EntityZombie['Zombie'/52925, l='ServerLevel[world]', x=-1815.27, y=3.00, z=153.45] died: Zombie was slain by PILLERN
[01:25:48] [Server thread/INFO]: Named entity EntityZombie['Zombie'/52926, l='ServerLevel[world]', x=-1814.10, y=3.00, z=153.51] died: Zombie was slain by PILLERN
[01:25:59] [Server thread/INFO]: Named entity EntityZombie['Zombie'/53341, l='ServerLevel[world]', x=-1813.19, y=0.00, z=165.84] died: Zombie was slain by PILLERN
[01:26:00] [Server thread/INFO]: Named entity EntityZombie['Zombie'/53340, l='ServerLevel[world]', x=-1813.70, y=0.75, z=165.44] died: Zombie was slain by PILLERN
[01:26:04] [Server thread/INFO]: Named entity EntityZombie['Zombie'/53305, l='ServerLevel[world]', x=-1815.53, y=2.00, z=163.51] died: Zombie was slain by PILLERN
[01:26:08] [Server thread/INFO]: Named entity EntityZombie['Zombie'/52606, l='ServerLevel[world]', x=-1813.87, y=2.00, z=164.93] died: Zombie was slain by PILLERN
[01:26:17] [Server thread/INFO]: Named entity EntityBat['Bat'/52523, l='ServerLevel[world]', x=-1801.99, y=3.02, z=164.97] died: Bat was shot by PILLERN
[01:26:19] [Server thread/INFO]: Named entity EntityZombie['Zombie'/53786, l='ServerLevel[world]', x=-1808.22, y=0.00, z=157.48] died: Zombie was slain by PILLERN
[01:26:20] [Server thread/INFO]: Named entity EntityZombie['Zombie'/53787, l='ServerLevel[world]', x=-1807.91, y=0.00, z=157.83] died: Zombie was slain by PILLERN
[01:26:22] [Server thread/INFO]: Named entity EntityGhast['Ghast'/53862, l='ServerLevel[world_nether]', x=-91.50, y=80.27, z=-222.94] died: Ghast was fireballed by mingus1
[01:26:24] [Server thread/INFO]: Named entity EntityZombie['Zombie'/53836, l='ServerLevel[world]', x=-1802.71, y=0.00, z=159.84] died: Zombie was slain by PILLERN
[01:26:33] [Server thread/INFO]: Named entity EntityZombie['Zombie'/53731, l='ServerLevel[world]', x=-1808.79, y=0.00, z=159.47] died: Zombie was slain by PILLERN
[01:26:34] [Server thread/INFO]: Named entity EntityZombie['Zombie'/53732, l='ServerLevel[world]', x=-1809.74, y=0.00, z=159.31] died: Zombie was slain by PILLERN
[01:26:45] [Server thread/INFO]: Named entity EntitySpider['Spider'/54019, l='ServerLevel[world]', x=-1801.07, y=0.15, z=170.92] died: Spider was slain by PILLERN
[01:26:46] [Server thread/INFO]: Named entity EntitySpider['Spider'/54020, l='ServerLevel[world]', x=-1800.15, y=0.14, z=169.52] died: Spider was slain by PILLERN
[01:27:00] [Server thread/INFO]: Named entity EntityPiglin['Piglin'/54602, l='ServerLevel[world_nether]', x=-31.28, y=74.00, z=-222.72] died: Piglin was slain by mingus1
[01:27:03] [Server thread/INFO]: Named entity EntitySkeleton['Skeleton'/53066, l='ServerLevel[world]', x=-1793.32, y=0.00, z=175.97] died: Skeleton was slain by Zombie
[01:27:07] [Server thread/INFO]: Named entity EntityMagmaCube['Magma Cube'/53637, l='ServerLevel[world_nether]', x=-10.44, y=74.00, z=-201.45] died: Magma Cube was slain by mingus1
[01:27:12] [Server thread/INFO]: Named entity EntitySpider['Spider'/50363, l='ServerLevel[world]', x=-1837.34, y=7.51, z=156.96] died: Spider was slain by PILLERN
[01:27:14] [Server thread/INFO]: [0;33;22m([0;32;1mmcMMO[0;33;22m) mingus1[0;37;22m has reached level [0;32;1m300[0;37;22m in [0;36;22mMining[0;37;22m![m
[01:27:36] [Server thread/WARN]: Horse (vehicle of suberboy45ds) moved wrongly! 0.5603493893134548
[01:28:04] [Server thread/WARN]: PILLERN moved too quickly! 8.174639026459317,-0.20326439933130835,-9.02988502818647
[01:28:04] [Server thread/WARN]: Horse (vehicle of suberboy45ds) moved too quickly! -16.780095558323524,0.0,-11.551638102363313
[01:28:04] [Server thread/WARN]: Horse (vehicle of suberboy45ds) moved too quickly! -17.189559765081327,0.0,-11.833260931363156
[01:28:04] [Server thread/WARN]: Horse (vehicle of suberboy45ds) moved too quickly! -17.599024487904387,0.0,-12.114883428619237
[01:28:04] [Server thread/WARN]: Horse (vehicle of suberboy45ds) moved too quickly! -18.008489661749906,0.0,-12.396505635943186
[01:28:04] [Server thread/WARN]: Horse (vehicle of suberboy45ds) moved too quickly! -18.417955229772843,0.0,-12.67812758987688
[01:28:04] [Server thread/WARN]: Horse (vehicle of suberboy45ds) moved too quickly! -18.82742114229268,0.0,-12.9597493223566
[01:28:17] [Server thread/INFO]: Named entity EntitySpider['❤❤❤❤❤❤❤❤'/55576, l='ServerLevel[world]', x=-1810.20, y=-8.00, z=299.67] died: ❤❤❤❤❤❤❤❤ was burned to a crisp while fighting PILLERN
[01:28:30] [Server thread/INFO]: Named entity EntityEnderman['Enderman'/54022, l='ServerLevel[world_nether]', x=-5.19, y=67.30, z=-234.70] died: Enderman was slain by mingus1
[01:28:52] [Server thread/INFO]: Named entity EntitySkeleton['Skeleton'/56162, l='ServerLevel[world]', x=-1783.30, y=-6.00, z=291.70] died: Skeleton was slain by PILLERN
[01:29:26] [Server thread/INFO]: Named entity EntityZombie['Zombie'/55581, l='ServerLevel[world]', x=-1813.21, y=-2.00, z=291.55] died: Zombie was slain by PILLERN
[01:29:32] [Server thread/INFO]: Named entity EntityZombie['Zombie'/55130, l='ServerLevel[world]', x=-1811.52, y=-8.00, z=283.88] died: Zombie was slain by PILLERN
[01:29:33] [Server thread/INFO]: Named entity EntityZombie['Zombie'/55577, l='ServerLevel[world]', x=-1811.49, y=-8.00, z=281.90] died: Zombie was slain by PILLERN
[01:29:37] [Server thread/INFO]: Named entity EntityZombie['Zombie'/55558, l='ServerLevel[world]', x=-1806.95, y=-9.54, z=297.35] died: Zombie was slain by PILLERN
[01:30:17] [Server thread/INFO]: Named entity EntityPiglin['Piglin'/57105, l='ServerLevel[world_nether]', x=-74.78, y=65.00, z=-382.72] died: Piglin was slain by mingus1
[01:30:32] [Server thread/INFO]: Named entity EntityEnderman['Enderman'/57448, l='ServerLevel[world_nether]', x=-74.28, y=65.00, z=-383.63] died: Enderman was slain by mingus1
[01:31:03] [Server thread/INFO]: Named entity EntityEnderman['Enderman'/57450, l='ServerLevel[world_nether]', x=-65.37, y=66.00, z=-378.55] died: Enderman was killed while trying to hurt mingus1
[01:31:43] [Server thread/INFO]: Named entity EntitySpider['Spider'/58228, l='ServerLevel[world]', x=-1778.93, y=-1.00, z=181.49] died: Spider was slain by PILLERN
[01:31:45] [Server thread/INFO]: Named entity EntityZombie['Zombie'/58707, l='ServerLevel[world]', x=-1784.15, y=-1.00, z=190.15] died: Zombie was slain by PILLERN
[01:31:50] [Server thread/INFO]: Named entity EntityZombie['Zombie'/59020, l='ServerLevel[world]', x=-1773.82, y=-2.00, z=170.15] died: Zombie was slain by PILLERN
[01:32:04] [Server thread/INFO]: Named entity EntitySpider['Spider'/59026, l='ServerLevel[world]', x=-1779.12, y=-17.00, z=155.68] died: Spider was slain by PILLERN
[01:32:05] [Server thread/INFO]: Named entity EntityZombie['Zombie'/59030, l='ServerLevel[world]', x=-1779.69, y=-18.00, z=157.68] died: Zombie was slain by PILLERN
[01:32:10] [Server thread/INFO]: Named entity EntitySpider['Spider'/59029, l='ServerLevel[world]', x=-1782.71, y=-18.29, z=168.70] died: Spider was slain by PILLERN
[01:32:12] [Server thread/INFO]: Named entity EntitySpider['Spider'/59028, l='ServerLevel[world]', x=-1783.70, y=-14.90, z=170.30] died: Spider was slain by PILLERN
[01:32:28] [Server thread/INFO]: Named entity EntityPiglin['Piglin'/57729, l='ServerLevel[world_nether]', x=-89.47, y=69.00, z=-462.57] died: Piglin was slain by mingus1
[01:33:03] [Server thread/WARN]: PILLERN moved too quickly! 9.427697028934517,-3.480947278012483,2.697912841673059
[01:33:41] [Server thread/INFO]: Named entity EntityGhast['Ghast'/59828, l='ServerLevel[world_nether]', x=-144.96, y=102.24, z=-432.96] died: Ghast was fireballed by mingus1
[01:34:04] [Server thread/INFO]: Named entity EntityPiglin['Piglin'/60263, l='ServerLevel[world_nether]', x=-90.42, y=68.00, z=-440.67] died: Piglin was slain by mingus1
[01:34:23] [Server thread/INFO]: Named entity EntityGhast['Ghast'/60549, l='ServerLevel[world_nether]', x=-87.79, y=64.46, z=-387.30] died: Ghast was fireballed by mingus1
[01:35:41] [Server thread/INFO]: Named entity EntitySpider['Spider'/60134, l='ServerLevel[world]', x=-1740.30, y=-39.90, z=257.70] died: Spider was slain by PILLERN
[01:35:51] [Server thread/INFO]: Named entity EntityCreeper['Creeper'/61439, l='ServerLevel[world]', x=-1739.21, y=-48.00, z=293.10] died: Creeper was slain by PILLERN
[01:35:53] [Server thread/INFO]: Named entity EntitySkeleton['Skeleton'/61449, l='ServerLevel[world]', x=-1741.70, y=-48.00, z=295.62] died: Skeleton was slain by PILLERN
[01:35:55] [Server thread/INFO]: Named entity EntityZombie['Zombie'/61448, l='ServerLevel[world]', x=-1737.50, y=-49.00, z=294.71] died: Zombie was slain by PILLERN
[01:35:59] [Server thread/INFO]: Named entity EntitySkeleton['Skeleton'/61208, l='ServerLevel[world]', x=-1726.51, y=-49.00, z=295.86] died: Skeleton was slain by PILLERN
[01:36:44] [Server thread/INFO]: Named entity EntitySkeleton['Skeleton'/62471, l='ServerLevel[world]', x=-1731.29, y=-53.00, z=322.34] died: Skeleton was slain by PILLERN
[01:37:58] [Server thread/INFO]: suberboy45ds has made the advancement [What a Deal!]
[01:40:41] [Server thread/INFO]: PILLERN lost connection: Disconnected
[01:40:41] [Server thread/INFO]: PILLERN left the game
[01:40:47] [User Authenticator #5/INFO]: UUID of player PILLERN is 23a1de55-1627-4d51-b046-447cf62ee674
[01:40:47] [Server thread/INFO]: PILLERN joined the game
[01:40:47] [Server thread/INFO]: PILLERN[/26.48.63.4:59535] logged in with entity id 68578 at ([world]-1778.5569125735935, -54.0, 373.70963067908394)
[01:40:56] [Server thread/INFO]: mingus1 has made the advancement [Hidden in the Depths]
[01:46:55] [Server thread/INFO]: Named entity EntityZombie['Zombie'/76544, l='ServerLevel[world]', x=-1786.82, y=-42.00, z=620.02] died: Zombie was slain by PILLERN
[01:46:57] [Server thread/INFO]: Named entity EntityZombie['Zombie'/77584, l='ServerLevel[world]', x=-1788.55, y=-42.00, z=618.39] died: Zombie was slain by PILLERN
[01:47:00] [Server thread/INFO]: Named entity EntityZombie['Zombie'/74123, l='ServerLevel[world]', x=-1787.77, y=-42.00, z=619.63] died: Zombie was slain by PILLERN
[01:47:02] [Server thread/INFO]: Named entity EntityZombie['Zombie'/77585, l='ServerLevel[world]', x=-1786.61, y=-42.00, z=618.84] died: Zombie was slain by PILLERN
[01:48:06] [Server thread/INFO]: Named entity EntityZombie['Zombie'/79009, l='ServerLevel[world]', x=-1774.30, y=-45.00, z=598.22] died: Zombie was slain by PILLERN
[01:48:09] [Server thread/INFO]: Named entity EntityZombie['❤❤❤❤❤❤❤❤❤❤'/79008, l='ServerLevel[world]', x=-1776.39, y=-45.00, z=595.55] died: ❤❤❤❤❤❤❤❤❤❤ was burned to a crisp while fighting PILLERN
[01:48:24] [Server thread/INFO]: Named entity EntitySkeleton['Skeleton'/78466, l='ServerLevel[world]', x=-1802.57, y=-43.00, z=594.29] died: Skeleton was slain by PILLERN
[01:48:27] [Server thread/INFO]: Named entity EntityCreeper['Creeper'/78464, l='ServerLevel[world]', x=-1803.66, y=-42.37, z=592.85] died: Creeper was slain by PILLERN
[01:48:33] [Server thread/INFO]: Named entity EntitySkeleton['Skeleton'/78646, l='ServerLevel[world]', x=-1806.30, y=-43.00, z=597.25] died: Skeleton was slain by PILLERN
[01:48:34] [Server thread/INFO]: Named entity EntityZombie['Zombie'/78645, l='ServerLevel[world]', x=-1806.53, y=-43.00, z=597.56] died: Zombie was slain by PILLERN
[01:48:36] [Server thread/INFO]: Named entity EntityZombie['Zombie'/78644, l='ServerLevel[world]', x=-1804.58, y=-43.00, z=595.60] died: Zombie was slain by PILLERN
[01:48:38] [Server thread/INFO]: Named entity EntityZombie['Zombie'/78643, l='ServerLevel[world]', x=-1806.54, y=-43.00, z=597.68] died: Zombie was slain by PILLERN
[01:48:40] [Server thread/INFO]: Named entity EntityZombie['Zombie'/78388, l='ServerLevel[world]', x=-1804.66, y=-43.00, z=595.65] died: Zombie was slain by PILLERN
[01:48:46] [Server thread/INFO]: Named entity EntityZombie['Zombie'/78486, l='ServerLevel[world]', x=-1805.70, y=-43.00, z=595.19] died: Zombie was slain by PILLERN
[01:48:55] [Server thread/INFO]: Named entity EntityZombie['Zombie'/78814, l='ServerLevel[world]', x=-1801.22, y=-43.00, z=604.39] died: Zombie was slain by PILLERN
[01:48:58] [Server thread/INFO]: Named entity EntitySkeleton['Skeleton'/79011, l='ServerLevel[world]', x=-1792.40, y=-42.00, z=601.23] died: Skeleton was slain by PILLERN
[01:48:59] [Server thread/INFO]: Named entity EntityZombie['Zombie'/80310, l='ServerLevel[world]', x=-1788.37, y=-42.21, z=604.83] died: Zombie was slain by PILLERN
[01:49:01] [Server thread/INFO]: Named entity EntityCreeper['Creeper'/77257, l='ServerLevel[world]', x=-1784.78, y=-43.00, z=600.34] died: Creeper was slain by PILLERN
[01:49:08] [Server thread/INFO]: Named entity EntitySpider['Spider'/79924, l='ServerLevel[world]', x=-1778.95, y=-43.00, z=612.05] died: Spider was slain by PILLERN
[01:49:09] [Server thread/INFO]: Named entity EntitySpider['Spider'/79474, l='ServerLevel[world]', x=-1775.80, y=-43.08, z=609.34] died: Spider was slain by PILLERN
[01:49:13] [Server thread/INFO]: Named entity EntitySpider['Spider'/79724, l='ServerLevel[world]', x=-1777.40, y=-43.00, z=611.03] died: Spider was slain by PILLERN
[01:49:13] [Server thread/INFO]: Named entity EntitySpider['Spider'/79721, l='ServerLevel[world]', x=-1779.33, y=-42.06, z=611.12] died: Spider was slain by PILLERN
[01:49:35] [Server thread/INFO]: Named entity EntityZombieVillager['Zombie Villager'/80870, l='ServerLevel[world]', x=-1781.96, y=-42.00, z=623.11] died: Zombie Villager was slain by PILLERN
[01:50:12] [Server thread/INFO]: [0;33;22m([0;32;1mmcMMO[0;33;22m) mingus1[0;37;22m has reached a Power level of [0;32;1m700[0;37;22m![m
[01:50:39] [Server thread/INFO]: Named entity EntityZombieVillager['Zombie Villager'/80786, l='ServerLevel[world]', x=-1807.24, y=-40.00, z=553.44] died: Zombie Villager was slain by PILLERN
[01:50:54] [Server thread/INFO]: Named entity EntitySkeleton['Skeleton'/81844, l='ServerLevel[world]', x=-1813.51, y=-35.00, z=519.11] died: Skeleton was shot by PILLERN
[01:50:59] [Server thread/INFO]: Named entity EntityCreeper['Creeper'/82287, l='ServerLevel[world]', x=-1823.21, y=-25.00, z=521.21] died: Creeper was shot by PILLERN
[01:51:11] [Server thread/INFO]: Named entity EntitySkeleton['Skeleton'/83159, l='ServerLevel[world]', x=-1811.11, y=-35.00, z=514.18] died: Skeleton was slain by PILLERN
[01:51:13] [Server thread/INFO]: Named entity EntitySkeleton['Skeleton'/83158, l='ServerLevel[world]', x=-1801.94, y=-38.00, z=515.86] died: Skeleton was slain by PILLERN
[01:51:59] [Server thread/INFO]: Named entity EntityCreeper['Creeper'/82803, l='ServerLevel[world]', x=-1782.46, y=-44.00, z=519.56] died: Creeper was slain by PILLERN
[01:52:18] [Server thread/INFO]: Named entity EntitySkeleton['Skeleton'/82279, l='ServerLevel[world]', x=-1780.06, y=-42.00, z=473.07] died: Skeleton was slain by PILLERN
[01:53:08] [Server thread/WARN]: Can't keep up! Is the server overloaded? Running 6286ms or 125 ticks behind
[01:53:09] [Server thread/INFO]: Named entity EntityZombie['Zombie'/85480, l='ServerLevel[world]', x=-738.68, y=61.00, z=-69.49] died: Zombie was slain by suberboy45ds
[01:53:12] [Server thread/INFO]: Named entity EntityZombie['Zombie'/85481, l='ServerLevel[world]', x=-738.30, y=61.00, z=-70.68] died: Zombie was slain by suberboy45ds
[01:53:32] [Server thread/INFO]: Named entity EntityZombie['Zombie'/84632, l='ServerLevel[world]', x=-1791.30, y=-39.00, z=501.30] died: Zombie was slain by PILLERN
[01:53:42] [Server thread/INFO]: Named entity EntityZombie['Zombie'/85166, l='ServerLevel[world]', x=-739.22, y=61.00, z=-64.51] died: Zombie was slain by suberboy45ds
[01:53:58] [Server thread/INFO]: Named entity EntitySkeleton['Skeleton'/82747, l='ServerLevel[world]', x=-733.70, y=52.00, z=-60.70] died: Skeleton was slain by suberboy45ds
[01:54:20] [Server thread/INFO]: Named entity EntityZombie['Zombie'/84642, l='ServerLevel[world]', x=-728.12, y=64.00, z=-62.09] died: Zombie was slain by suberboy45ds
[01:54:40] [Server thread/INFO]: Named entity EntityDrowned['Drowned'/85696, l='ServerLevel[world]', x=-727.98, y=64.00, z=-83.23] died: Drowned was slain by suberboy45ds
[01:55:38] [Server thread/INFO]: Named entity EntityZombie['Zombie'/89603, l='ServerLevel[world]', x=-1790.31, y=-44.00, z=512.50] died: Zombie was slain by PILLERN
[01:55:42] [Server thread/INFO]: Named entity EntityZombie['Zombie'/89604, l='ServerLevel[world]', x=-1787.42, y=-43.00, z=512.32] died: Zombie was slain by PILLERN
[01:55:47] [Server thread/INFO]: Named entity EntitySkeleton['Skeleton'/88796, l='ServerLevel[world]', x=-1789.88, y=-44.00, z=512.63] died: Skeleton was slain by PILLERN
[01:55:51] [Server thread/INFO]: Named entity EntityZombie['Zombie'/88131, l='ServerLevel[world]', x=-1795.14, y=-42.00, z=520.19] died: Zombie was slain by PILLERN
[01:57:17] [Server thread/INFO]: Named entity EntityPiglin['Piglin'/90252, l='ServerLevel[world_nether]', x=-35.97, y=17.00, z=-341.76] died: Piglin was slain by mingus1
[01:57:18] [Server thread/INFO]: Named entity EntityPiglin['Piglin'/90254, l='ServerLevel[world_nether]', x=-40.63, y=17.00, z=-339.27] died: Piglin was slain by mingus1
[01:57:23] [Server thread/INFO]: Named entity EntitySkeleton['Skeleton'/90397, l='ServerLevel[world]', x=-1754.70, y=-25.00, z=477.70] died: Skeleton was slain by PILLERN
[01:59:43] [Server thread/INFO]: Named entity EntitySkeleton['Skeleton'/92640, l='ServerLevel[world]', x=-1762.02, y=-19.00, z=388.40] died: Skeleton was shot by PILLERN
[01:59:44] [Server thread/INFO]: Named entity EntityBat['Bat'/92982, l='ServerLevel[world]', x=-1757.39, y=-17.48, z=391.15] died: Bat was shot by PILLERN
[01:59:49] [Server thread/INFO]: Named entity EntitySkeleton['Skeleton'/92639, l='ServerLevel[world]', x=-1764.70, y=-19.00, z=386.25] died: Skeleton was shot by PILLERN
[02:00:06] [Server thread/INFO]: Named entity EntityCreeper['Creeper'/92592, l='ServerLevel[world]', x=-1779.30, y=-12.00, z=363.30] died: Creeper was slain by PILLERN
[02:04:22] [Server thread/INFO]: Named entity EntityZombie['❤❤❤❤❤❤❤❤❤❤'/96711, l='ServerLevel[world]', x=-1843.68, y=63.00, z=307.30] died: ❤❤❤❤❤❤❤❤❤❤ was burned to a crisp while fighting PILLERN
[02:04:42] [Server thread/INFO]: Named entity EntitySheep['Sheep'/91765, l='ServerLevel[world]', x=-1862.46, y=78.00, z=252.07] died: Sheep was slain by PILLERN
[02:05:34] [Server thread/INFO]: Named entity EntityChicken['Chicken'/95412, l='ServerLevel[world]', x=-1724.16, y=63.00, z=137.91] died: Chicken was slain by PILLERN
[02:05:35] [Server thread/INFO]: Named entity EntityChicken['Chicken'/95410, l='ServerLevel[world]', x=-1722.66, y=63.00, z=137.00] died: Chicken was slain by PILLERN
[02:05:40] [Server thread/INFO]: Named entity EntityChicken['Chicken'/95413, l='ServerLevel[world]', x=-1726.11, y=62.55, z=142.25] died: Chicken was slain by PILLERN
[02:05:46] [Server thread/INFO]: Named entity EntityChicken['Chicken'/95411, l='ServerLevel[world]', x=-1714.11, y=64.00, z=140.88] died: Chicken was slain by PILLERN
[02:06:04] [Server thread/INFO]: Named entity EntityPig['Pig'/97004, l='ServerLevel[world]', x=-1705.79, y=69.00, z=74.45] died: Pig was slain by PILLERN
[02:06:10] [Server thread/INFO]: Named entity EntityChicken['Chicken'/97000, l='ServerLevel[world]', x=-1701.94, y=66.00, z=71.48] died: Chicken was slain by PILLERN
[02:06:12] [Server thread/INFO]: Named entity EntityCow['Cow'/96998, l='ServerLevel[world]', x=-1696.04, y=66.00, z=66.73] died: Cow was slain by PILLERN
[02:06:17] [Server thread/INFO]: Named entity EntityChicken['Chicken'/97003, l='ServerLevel[world]', x=-1708.43, y=64.00, z=70.23] died: Chicken was slain by PILLERN
[02:06:18] [Server thread/INFO]: Named entity EntityChicken['Chicken'/97002, l='ServerLevel[world]', x=-1710.23, y=63.00, z=65.69] died: Chicken was slain by PILLERN
[02:06:20] [Server thread/INFO]: Named entity EntityCow['❤❤❤❤❤'/96997, l='ServerLevel[world]', x=-1717.51, y=63.00, z=65.50] died: ❤❤❤❤❤ was burned to a crisp while fighting PILLERN
[02:06:21] [Server thread/INFO]: Named entity EntityChicken['Chicken'/97001, l='ServerLevel[world]', x=-1713.94, y=63.00, z=65.75] died: Chicken was slain by PILLERN
[02:06:23] [Server thread/INFO]: Named entity EntityCow['Cow'/96996, l='ServerLevel[world]', x=-1716.96, y=63.54, z=68.52] died: Cow was slain by PILLERN
[02:06:24] [Server thread/INFO]: Named entity EntityCow['Cow'/96999, l='ServerLevel[world]', x=-1716.30, y=64.00, z=70.40] died: Cow was slain by PILLERN
[02:07:59] [Server thread/INFO]: Named entity EntitySheep['Sheep'/97689, l='ServerLevel[world]', x=-1670.47, y=63.00, z=-46.73] died: Sheep was slain by PILLERN
[02:08:03] [Server thread/INFO]: Named entity EntitySheep['Sheep'/97690, l='ServerLevel[world]', x=-1655.85, y=63.00, z=-47.13] died: Sheep was slain by PILLERN
[02:08:05] [Server thread/INFO]: Named entity EntitySheep['Sheep'/97798, l='ServerLevel[world]', x=-1657.37, y=63.00, z=-50.83] died: Sheep was slain by PILLERN
[02:08:06] [Server thread/INFO]: Named entity EntitySheep['Sheep'/97797, l='ServerLevel[world]', x=-1653.48, y=63.00, z=-55.33] died: Sheep was slain by PILLERN
[02:08:09] [Server thread/INFO]: Named entity EntitySheep['Sheep'/97691, l='ServerLevel[world]', x=-1650.57, y=64.25, z=-45.39] died: Sheep was slain by PILLERN
[02:08:12] [Server thread/INFO]: Named entity EntitySheep['Sheep'/97692, l='ServerLevel[world]', x=-1649.31, y=63.00, z=-50.49] died: Sheep was slain by PILLERN
[02:08:13] [Server thread/INFO]: Named entity EntitySheep['Sheep'/97796, l='ServerLevel[world]', x=-1643.78, y=63.00, z=-54.22] died: Sheep was slain by PILLERN
[02:08:16] [Server thread/INFO]: Named entity EntityCow['Cow'/97693, l='ServerLevel[world]', x=-1636.45, y=63.00, z=-49.67] died: Cow was slain by PILLERN
[02:08:18] [Server thread/INFO]: Named entity EntityCow['Cow'/97695, l='ServerLevel[world]', x=-1637.04, y=63.00, z=-40.77] died: Cow was slain by PILLERN
[02:08:21] [Server thread/INFO]: Named entity EntityCow['Cow'/97694, l='ServerLevel[world]', x=-1628.67, y=64.00, z=-39.13] died: Cow was slain by PILLERN
[02:08:35] [Server thread/INFO]: [0;33;22m([0;32;1mmcMMO[0;33;22m) mingus1[0;37;22m has reached level [0;32;1m400[0;37;22m in [0;36;22mMining[0;37;22m![m
[02:08:46] [Server thread/INFO]: Named entity EntityChicken['Chicken'/97973, l='ServerLevel[world]', x=-1559.13, y=69.00, z=-78.21] died: Chicken was slain by PILLERN
[02:09:06] [Server thread/INFO]: Named entity EntityPig['Pig'/98135, l='ServerLevel[world]', x=-1518.96, y=69.00, z=-121.99] died: Pig was slain by PILLERN
[02:09:10] [Server thread/INFO]: Named entity EntityPig['❤❤❤❤❤'/98134, l='ServerLevel[world]', x=-1520.48, y=71.00, z=-114.51] died: ❤❤❤❤❤ was burned to a crisp while fighting PILLERN
[02:09:15] [Server thread/INFO]: Named entity EntityCow['Cow'/99532, l='ServerLevel[world]', x=-1502.45, y=72.00, z=-125.38] died: Cow was slain by PILLERN
[02:09:16] [Server thread/INFO]: Named entity EntityCow['Cow'/98494, l='ServerLevel[world]', x=-1501.53, y=73.00, z=-124.81] died: Cow was slain by PILLERN
[02:09:19] [Server thread/INFO]: Named entity EntityCow['Cow'/98495, l='ServerLevel[world]', x=-1507.45, y=70.00, z=-132.43] died: Cow was slain by PILLERN
[02:09:21] [Server thread/INFO]: Named entity EntityCow['Cow'/98496, l='ServerLevel[world]', x=-1513.52, y=67.00, z=-139.95] died: Cow was slain by PILLERN
[02:10:36] [Server thread/INFO]: Named entity EntityPig['Pig'/101380, l='ServerLevel[world]', x=-1211.35, y=65.00, z=-128.55] died: Pig was slain by PILLERN
[02:12:42] [Server thread/INFO]: Named entity EntityPhantom['❤❤❤❤❤❤❤❤❤❤'/103247, l='ServerLevel[world]', x=-736.33, y=67.50, z=-113.99] died: ❤❤❤❤❤❤❤❤❤❤ was burned to a crisp while fighting PILLERN
[02:16:33] [Server thread/INFO]: Named entity EntityMagmaCube['Magma Cube'/104479, l='ServerLevel[world_nether]', x=-22.54, y=44.00, z=-7.84] died: Magma Cube was slain by mingus1
[02:17:21] [Server thread/INFO]: Named entity EntityGhast['Ghast'/105265, l='ServerLevel[world_nether]', x=-18.24, y=73.21, z=-9.41] died: Ghast was fireballed by mingus1
[02:29:37] [Server thread/INFO]: PILLERN has made the advancement [Hot Stuff]
[02:31:14] [Server thread/INFO]: PILLERN issued server command: /acrobatics
[02:31:45] [Server thread/INFO]: Named entity EntityZombie['Zombie'/108581, l='ServerLevel[world]', x=-748.13, y=31.00, z=-78.51] died: Zombie was slain by PILLERN
[02:32:10] [Server thread/INFO]: Named entity EntityZombie['Zombie'/109137, l='ServerLevel[world]', x=-749.62, y=30.00, z=-64.16] died: Zombie was slain by PILLERN
[02:32:44] [Server thread/INFO]: Named entity EntitySkeleton['Skeleton'/108878, l='ServerLevel[world]', x=-745.13, y=29.00, z=-69.70] died: Skeleton was slain by PILLERN
[02:33:27] [Server thread/INFO]: Named entity EntitySkeleton['Skeleton'/109001, l='ServerLevel[world]', x=-732.38, y=28.00, z=-40.68] died: Skeleton was slain by PILLERN
[02:34:47] [Server thread/INFO]: Named entity EntitySkeleton['Skeleton'/108995, l='ServerLevel[world]', x=-747.52, y=39.31, z=-36.39] died: Skeleton was slain by PILLERN
[02:36:07] [Server thread/INFO]: Named entity EntityZombie['Zombie'/110421, l='ServerLevel[world]', x=-745.68, y=65.00, z=-113.66] died: Zombie was slain by PILLERN
[02:36:16] [Server thread/INFO]: Named entity EntityZombie['Zombie'/110420, l='ServerLevel[world]', x=-731.90, y=62.00, z=-126.00] died: Zombie was slain by PILLERN
[02:36:36] [Server thread/INFO]: Named entity EntitySkeleton['❤❤❤❤❤❤❤❤❤❤'/110443, l='ServerLevel[world]', x=-694.64, y=64.50, z=-194.96] died: ❤❤❤❤❤❤❤❤❤❤ was burned to a crisp while fighting mingus1
[02:36:47] [Server thread/INFO]: Named entity EntityCreeper['Creeper'/110470, l='ServerLevel[world]', x=-753.51, y=63.00, z=-126.81] died: Creeper was slain by suberboy45ds
[02:37:08] [Server thread/INFO]: Named entity EntitySkeleton['Skeleton'/110649, l='ServerLevel[world]', x=-723.69, y=70.00, z=-195.05] died: Skeleton was slain by mingus1
[02:37:46] [Server thread/INFO]: Named entity EntitySkeleton['Skeleton'/110467, l='ServerLevel[world]', x=-718.29, y=62.00, z=-96.09] died: Skeleton was slain by PILLERN
[02:37:59] [Server thread/INFO]: Named entity EntitySkeleton['Skeleton'/110681, l='ServerLevel[world]', x=-660.38, y=64.92, z=-107.42] died: Skeleton was slain by PILLERN
[02:41:02] [Server thread/INFO]: Named entity EntityCreeper['Creeper'/110939, l='ServerLevel[world]', x=-763.73, y=63.00, z=-172.70] died: Creeper was slain by mingus1
[02:41:39] [Server thread/INFO]: Named entity EntitySkeleton['Skeleton'/111513, l='ServerLevel[world]', x=-685.62, y=69.54, z=-251.70] died: Skeleton was slain by mingus1
[02:41:41] [Server thread/INFO]: Named entity EntityZombie['Zombie'/111351, l='ServerLevel[world]', x=-750.36, y=63.00, z=-119.30] died: Zombie was slain by suberboy45ds
[02:41:45] [Server thread/INFO]: Named entity EntitySkeleton['Skeleton'/111363, l='ServerLevel[world]', x=-668.90, y=67.00, z=-247.92] died: Skeleton was slain by mingus1
[02:42:15] [Server thread/INFO]: Named entity EntitySkeleton['Skeleton'/111870, l='ServerLevel[world]', x=-717.70, y=75.00, z=-257.08] died: Skeleton was slain by mingus1
[02:42:29] [Server thread/INFO]: Named entity EntityZombie['Zombie'/111781, l='ServerLevel[world]', x=-727.95, y=71.00, z=-195.13] died: Zombie was slain by mingus1
[02:42:35] [Server thread/INFO]: Named entity EntityZombie['Zombie'/111841, l='ServerLevel[world]', x=-723.86, y=67.00, z=-182.95] died: Zombie was slain by mingus1
[02:42:36] [Server thread/INFO]: Named entity EntityZombie['Zombie'/111840, l='ServerLevel[world]', x=-723.33, y=67.00, z=-185.20] died: Zombie was slain by mingus1
[02:43:00] [Server thread/INFO]: Named entity EntityZombie['Zombie'/111715, l='ServerLevel[world]', x=-758.59, y=61.00, z=-190.80] died: Zombie was slain by mingus1
[02:43:10] [Server thread/WARN]: PILLERN moved too quickly! 2.897021975671805,-2.0900619192267413,9.380067114820605
[02:43:10] [Server thread/WARN]: suberboy45ds moved too quickly! -2.339913755189741,0.5009966402674735,-11.17183678621717
[02:43:15] [Server thread/INFO]: Named entity EntityZombie['Zombie'/111550, l='ServerLevel[world]', x=-745.42, y=62.00, z=-184.51] died: Zombie was slain by mingus1
[02:45:55] [Server thread/INFO]: Named entity EntityCreeper['Creeper'/111973, l='ServerLevel[world]', x=-755.66, y=61.00, z=-176.23] died: Creeper was slain by mingus1
[02:52:43] [Server thread/INFO]: PILLERN lost connection: Disconnected
[02:52:43] [Server thread/INFO]: PILLERN left the game
[02:52:52] [Server thread/INFO]: Stopping the server
[02:52:52] [Server thread/INFO]: Stopping server
[02:52:52] [Server thread/INFO]: [KeepDeathDrop] Disabling KeepDeathDrop v1.0.7
[02:52:52] [Server thread/INFO]: [KeepDeathDrop] Disabled!
[02:52:52] [Server thread/INFO]: [mcMMO] Disabling mcMMO v2.1.231
[02:52:52] [Server thread/INFO]: [mcMMO] Server shutdown has been executed, saving and cleaning up data...
[02:52:52] [Server thread/INFO]: [mcMMO] Saving mcMMOPlayers... (2)
[02:52:52] [Server thread/INFO]: [mcMMO] Finished save operation for 2 players!
[02:52:52] [Server thread/INFO]: [OnePlayerSleep] Disabling OnePlayerSleep v1.2
[02:52:52] [Server thread/INFO]: [ClearLag] Disabling ClearLag v3.2.2
[02:52:52] [Server thread/INFO]: [ClearLag] Clearlag is now disabled!
[02:52:52] [Server thread/INFO]: Saving players
[02:52:52] [Server thread/INFO]: mingus1 lost connection: Server closed
[02:52:52] [Server thread/INFO]: mingus1 left the game.
[02:52:52] [Server thread/INFO]: suberboy45ds lost connection: Server closed
[02:52:52] [Server thread/INFO]: suberboy45ds left the game.
[02:52:52] [Server thread/INFO]: Saving worlds
[02:52:53] [Server thread/INFO]: Saving chunks for level 'ServerLevel[world]'/minecraft:overworld
[02:53:34] [Server thread/INFO]: Saving chunks for level 'ServerLevel[world_nether]'/minecraft:the_nether
[02:53:35] [Server thread/INFO]: Saving chunks for level 'ServerLevel[world_the_end]'/minecraft:the_end
[02:53:35] [Server thread/INFO]: ThreadedAnvilChunkStorage (world): All chunks are saved
[02:53:35] [Server thread/INFO]: ThreadedAnvilChunkStorage (DIM-1): All chunks are saved
[02:53:35] [Server thread/INFO]: ThreadedAnvilChunkStorage (DIM1): All chunks are saved
[02:53:35] [Server thread/INFO]: ThreadedAnvilChunkStorage: All dimensions are saved
